Arguments: 
  C:\Program Files\nodejs\node.exe C:\Users\skyWalker\AppData\Roaming\npm\node_modules\yarn\bin\yarn.js remove @ubeac/svelte-components

PATH: 
  C:\Users\skyWalker\bin;C:\Program Files\Git\mingw64\bin;C:\Program Files\Git\usr\local\bin;C:\Program Files\Git\usr\bin;C:\Program Files\Git\usr\bin;C:\Program Files\Git\mingw64\bin;C:\Program Files\Git\usr\bin;C:\Users\skyWalker\bin;C:\Program Files\ImageMagick-7.1.0-Q16-HDRI;C:\Program Files (x86)\Common Files\Oracle\Java\javapath;C:\Windows\system32;C:\Windows;C:\Windows\System32\Wbem;C:\Windows\System32\WindowsPowerShell\v1.0;C:\Program Files\Microsoft VS Code\bin;C:\Program Files\Git\cmd;C:\Users\skyWalker\AppData\Roaming\nvm;C:\Program Files\nodejs;C:\Users\skyWalker\.cargo\bin;C:\Program Files\MySQL\MySQL Shell 8.0\bin;C:\Users\skyWalker\AppData\Local\Programs\Python\Python37\Scripts;C:\Users\skyWalker\AppData\Local\Programs\Python\Python37;C:\Users\skyWalker\AppData\Local\Microsoft\WindowsApps;C:\Users\skyWalker\AppData\Local\hyper\app-3.0.2\resources\bin;C:\Program Files\heroku\bin;C:\Program Files\JetBrains\PyCharm 2020.1\bin;C:\Program Files\MongoDB\Server\4.4\bin;C:\Users\skyWalker\AppData\Roaming\npm;C:\flutter\bin;H:\Sdk\cmdline-tools\bin;C:\Users\skyWalker\AppData\Local\Android\Sdk\platform-tools;C:\Program Files\LibreOffice\program;C:\Program Files\Java\jdk1.8.0_221\bin;C:\Users\skyWalker\AppData\Roaming\nvm;C:\Program Files\nodejs;C:\Program Files\Git\usr\bin\vendor_perl;C:\Program Files\Git\usr\bin\core_perl

Yarn version: 
  1.22.10

Node version: 
  18.3.0

Platform: 
  win32 x64

Trace: 
  Error: EPERM: operation not permitted, unlink 'C:\Users\skyWalker\Desktop\projects\ht-ex\node_modules\esbuild-windows-64\esbuild.exe'

npm manifest: 
  {
  	"name": "html-examples",
  	"version": "0.0.1",
  	"scripts": {
  		"dev": "svelte-kit dev",
  		"build": "svelte-kit build",
  		"package": "svelte-kit package",
  		"preview": "svelte-kit preview",
  		"prepare": "svelte-kit sync"
  	},
  	"devDependencies": {
  		"@sveltejs/adapter-auto": "next",
  		"@sveltejs/kit": "next",
  		"autoprefixer": "^10.4.7",
  		"daisyui": "^2.15.4",
  		"node-fetch": "^3.2.6",
  		"postcss": "^8.4.14",
  		"svelte": "^3.44.0",
  		"tailwindcss": "^3.1.3"
  	},
  	"type": "module",
  	"dependencies": {
  		"svelte-preprocess": "^4.10.7",
  		"uniqid": "^5.4.0",
  		"uuid": "^8.3.2"
  	}
  }

yarn manifest: 
  No manifest

Lockfile: 
  # THIS IS AN AUTOGENERATED FILE. DO NOT EDIT THIS FILE DIRECTLY.
  # yarn lockfile v1
  
  
  "@iarna/toml@^2.2.5":
    "integrity" "sha512-trnsAYxU3xnS1gPHPyU961coFyLkh4gAD/0zQ5mymY4yOZ+CYvsPqUbOFSw0aDM4y0tV7tiFxL/1XfXPNC6IPg=="
    "resolved" "https://registry.npmjs.org/@iarna/toml/-/toml-2.2.5.tgz"
    "version" "2.2.5"
  
  "@iconify/svelte@^2.1.2":
    "integrity" "sha512-eWZq8CRrr3WfnKAj8SWknfE3S/d+j/AzEcypeJaHurS1s4zTdFnkjATcFa8lerGtcX0PAtXiVL94tbIEd69N+w=="
    "resolved" "https://registry.npmjs.org/@iconify/svelte/-/svelte-2.2.1.tgz"
    "version" "2.2.1"
  
  "@mapbox/node-pre-gyp@^1.0.5":
    "integrity" "sha512-aDF3S3rK9Q2gey/WAttUlISduDItz5BU3306M9Eyv6/oS40aMprnopshtlKTykxRNIBEZuRMaZAnbrQ4QtKGyw=="
    "resolved" "https://registry.npmjs.org/@mapbox/node-pre-gyp/-/node-pre-gyp-1.0.9.tgz"
    "version" "1.0.9"
    dependencies:
      "detect-libc" "^2.0.0"
      "https-proxy-agent" "^5.0.0"
      "make-dir" "^3.1.0"
      "node-fetch" "^2.6.7"
      "nopt" "^5.0.0"
      "npmlog" "^5.0.1"
      "rimraf" "^3.0.2"
      "semver" "^7.3.5"
      "tar" "^6.1.11"
  
  "@nodelib/fs.scandir@2.1.5":
    "integrity" "sha512-vq24Bq3ym5HEQm2NKCr3yXDwjc7vTsEThRDnkp2DK9p1uqLR+DHurm/NOTo0KG7HYHU7eppKZj3MyqYuMBf62g=="
    "resolved" "https://registry.npmjs.org/@nodelib/fs.scandir/-/fs.scandir-2.1.5.tgz"
    "version" "2.1.5"
    dependencies:
      "@nodelib/fs.stat" "2.0.5"
      "run-parallel" "^1.1.9"
  
  "@nodelib/fs.stat@^2.0.2", "@nodelib/fs.stat@2.0.5":
    "integrity" "sha512-RkhPPp2zrqDAQA/2jNhnztcPAlv64XdhIp7a7454A5ovI7Bukxgt7MX7udwAu3zg1DcpPU0rz3VV1SeaqvY4+A=="
    "resolved" "https://registry.npmjs.org/@nodelib/fs.stat/-/fs.stat-2.0.5.tgz"
    "version" "2.0.5"
  
  "@nodelib/fs.walk@^1.2.3":
    "integrity" "sha512-oGB+UxlgWcgQkgwo8GcEGwemoTFt3FIO9ababBmaGwXIoBKZ+GTy0pP185beGg7Llih/NSHSV2XAs1lnznocSg=="
    "resolved" "https://registry.npmjs.org/@nodelib/fs.walk/-/fs.walk-1.2.8.tgz"
    "version" "1.2.8"
    dependencies:
      "@nodelib/fs.scandir" "2.1.5"
      "fastq" "^1.6.0"
  
  "@popperjs/core@^2.11.0":
    "integrity" "sha512-9X2obfABZuDVLCgPK9aX0a/x4jaOEweTTWE2+9sr0Qqqevj2Uv5XorvusThmc9XGYpS9yI+fhh8RTafBtGposw=="
    "resolved" "https://registry.npmjs.org/@popperjs/core/-/core-2.11.5.tgz"
    "version" "2.11.5"
  
  "@rollup/pluginutils@^4.2.1":
    "integrity" "sha512-iKnFXr7NkdZAIHiIWE+BX5ULi/ucVFYWD6TbAV+rZctiRTY2PL6tsIKhoIOaoskiWAkgu+VsbXgUVDNLHf+InQ=="
    "resolved" "https://registry.npmjs.org/@rollup/pluginutils/-/pluginutils-4.2.1.tgz"
    "version" "4.2.1"
    dependencies:
      "estree-walker" "^2.0.1"
      "picomatch" "^2.2.2"
  
  "@sveltejs/adapter-auto@next":
    "integrity" "sha512-5OkBxw+0Wmq7+Cr0DcOEOTHyOm4VmiWTUsKwMrSc47zcjbXB8n4UvEC0XUtJ5ZSBJRZz7hmVubqH1zm1SANtdw=="
    "resolved" "https://registry.npmjs.org/@sveltejs/adapter-auto/-/adapter-auto-1.0.0-next.50.tgz"
    "version" "1.0.0-next.50"
    dependencies:
      "@sveltejs/adapter-cloudflare" "1.0.0-next.23"
      "@sveltejs/adapter-netlify" "1.0.0-next.64"
      "@sveltejs/adapter-vercel" "1.0.0-next.58"
  
  "@sveltejs/adapter-cloudflare@1.0.0-next.23":
    "integrity" "sha512-WaDE25Ib3Q9kM1BBxvGxr57vfExg0Q1Wu2H3dSFV4Apw18UHKS89P/U6wd4u4zAzAw+Mcm8gduX/rRs5z0YMwA=="
    "resolved" "https://registry.npmjs.org/@sveltejs/adapter-cloudflare/-/adapter-cloudflare-1.0.0-next.23.tgz"
    "version" "1.0.0-next.23"
    dependencies:
      "esbuild" "^0.14.42"
      "worktop" "0.8.0-next.14"
  
  "@sveltejs/adapter-netlify@1.0.0-next.64":
    "integrity" "sha512-n2oBAIdv1s4magogcCYbequDmPgOKviNfy40JJ5ZavansboYeaygFri9HcOwcHqrTOmEo3ZDIBoc1UTpbmzMYg=="
    "resolved" "https://registry.npmjs.org/@sveltejs/adapter-netlify/-/adapter-netlify-1.0.0-next.64.tgz"
    "version" "1.0.0-next.64"
    dependencies:
      "@iarna/toml" "^2.2.5"
      "esbuild" "^0.14.42"
      "set-cookie-parser" "^2.4.8"
      "tiny-glob" "^0.2.9"
  
  "@sveltejs/adapter-vercel@1.0.0-next.58":
    "integrity" "sha512-Gw76HhwHh2sWP2RN8jwm4jMmO5rnvvWsPsnAhFRCYlIs6gwKf/mNE/CfTQ1nkqKEm15YEYHjKXRVRjI8BniwxA=="
    "resolved" "https://registry.npmjs.org/@sveltejs/adapter-vercel/-/adapter-vercel-1.0.0-next.58.tgz"
    "version" "1.0.0-next.58"
    dependencies:
      "@vercel/nft" "^0.19.1"
      "esbuild" "^0.14.42"
  
  "@sveltejs/kit@next":
    "integrity" "sha512-K9dfgzIbotWmbcdCsQ6ROGs9R+bsGWwmSdN6l6km1QV5esQehqg1UYHGD9q0VJsg4rJg/zmKVBYo0oBquSHPZw=="
    "resolved" "https://registry.npmjs.org/@sveltejs/kit/-/kit-1.0.0-next.348.tgz"
    "version" "1.0.0-next.348"
    dependencies:
      "@sveltejs/vite-plugin-svelte" "^1.0.0-next.46"
      "chokidar" "^3.5.3"
      "sade" "^1.8.1"
      "vite" "^2.9.9"
  
  "@sveltejs/vite-plugin-svelte@^1.0.0-next.46":
    "integrity" "sha512-J6n8UN51aq/TEZGQ89/EtdXTtca3cRcTJGzi6fi+xK8LkgsHQLCZhRj+PJ+swktRSWTX9IOmQS55SqVg6bz5fA=="
    "resolved" "https://registry.npmjs.org/@sveltejs/vite-plugin-svelte/-/vite-plugin-svelte-1.0.0-next.47.tgz"
    "version" "1.0.0-next.47"
    dependencies:
      "@rollup/pluginutils" "^4.2.1"
      "debug" "^4.3.4"
      "deepmerge" "^4.2.2"
      "kleur" "^4.1.4"
      "magic-string" "^0.26.2"
      "svelte-hmr" "^0.14.12"
  
  "@types/node@*":
    "integrity" "sha512-cHlGmko4gWLVI27cGJntjs/Sj8th9aYwplmZFwmmgYQQvL5NUsgVJG7OddLvNfLqYS31KFN0s3qlaD9qCaxACA=="
    "resolved" "https://registry.npmjs.org/@types/node/-/node-18.0.0.tgz"
    "version" "18.0.0"
  
  "@types/pug@^2.0.4":
    "integrity" "sha512-SnHmG9wN1UVmagJOnyo/qkk0Z7gejYxOYYmaAwr5u2yFYfsupN3sg10kyzN8Hep/2zbHxCnsumxOoRIRMBwKCg=="
    "resolved" "https://registry.npmjs.org/@types/pug/-/pug-2.0.6.tgz"
    "version" "2.0.6"
  
  "@types/sass@^1.16.0":
    "integrity" "sha512-BPdoIt1lfJ6B7rw35ncdwBZrAssjcwzI5LByIrYs+tpXlj/CAkuVdRsgZDdP4lq5EjyWzwxZCqAoFyHKFwp32g=="
    "resolved" "https://registry.npmjs.org/@types/sass/-/sass-1.43.1.tgz"
    "version" "1.43.1"
    dependencies:
      "@types/node" "*"
  
  "@ubeac/svelte-components@^0.0.40":
    "integrity" "sha512-SaaB5i4lahVZhjtgdIzSXaxfNJRqtQ0FOwPawOQYdeDoAajVJhEB+y3zE+eJHLin0VqWA08n5l7FXNoJ4b61kQ=="
    "resolved" "https://registry.npmjs.org/@ubeac/svelte-components/-/svelte-components-0.0.40.tgz"
    "version" "0.0.40"
    dependencies:
      "@iconify/svelte" "^2.1.2"
      "@popperjs/core" "^2.11.0"
      "clsx" "^1.1.1"
      "flatpickr" "^4.6.9"
      "quill" "^1.3.7"
  
  "@vercel/nft@^0.19.1":
    "integrity" "sha512-klR5oN7S3WJsZz0r6Xsq7o8YlFEyU3/00VmlpZzIPVFzKfbcEjXo/sVR5lQBUqNKuOzhcbxaFtzW9aOyHjmPYA=="
    "resolved" "https://registry.npmjs.org/@vercel/nft/-/nft-0.19.1.tgz"
    "version" "0.19.1"
    dependencies:
      "@mapbox/node-pre-gyp" "^1.0.5"
      "acorn" "^8.6.0"
      "bindings" "^1.4.0"
      "estree-walker" "2.0.2"
      "glob" "^7.1.3"
      "graceful-fs" "^4.2.9"
      "micromatch" "^4.0.2"
      "node-gyp-build" "^4.2.2"
      "node-pre-gyp" "^0.13.0"
      "resolve-from" "^5.0.0"
      "rollup-pluginutils" "^2.8.2"
  
  "abbrev@1":
    "integrity" "sha512-nne9/IiQ/hzIhY6pdDnbBtz7DjPTKrY00P/zvPSm5pOFkl6xuGrGnXn/VtTNNfNtAfZ9/1RtehkszU9qcTii0Q=="
    "resolved" "https://registry.npmjs.org/abbrev/-/abbrev-1.1.1.tgz"
    "version" "1.1.1"
  
  "acorn-node@^1.8.2":
    "integrity" "sha512-8mt+fslDufLYntIoPAaIMUe/lrbrehIiwmR3t2k9LljIzoigEPF27eLk2hy8zSGzmR/ogr7zbRKINMo1u0yh5A=="
    "resolved" "https://registry.npmjs.org/acorn-node/-/acorn-node-1.8.2.tgz"
    "version" "1.8.2"
    dependencies:
      "acorn" "^7.0.0"
      "acorn-walk" "^7.0.0"
      "xtend" "^4.0.2"
  
  "acorn-walk@^7.0.0":
    "integrity" "sha512-OPdCF6GsMIP+Az+aWfAAOEt2/+iVDKE7oy6lJ098aoe59oAmK76qV6Gw60SbZ8jHuG2wH058GF4pLFbYamYrVA=="
    "resolved" "https://registry.npmjs.org/acorn-walk/-/acorn-walk-7.2.0.tgz"
    "version" "7.2.0"
  
  "acorn@^7.0.0":
    "integrity" "sha512-nQyp0o1/mNdbTO1PO6kHkwSrmgZ0MT/jCCpNiwbUjGoRN4dlBhqJtoQuCnEOKzgTVwg0ZWiCoQy6SxMebQVh8A=="
    "resolved" "https://registry.npmjs.org/acorn/-/acorn-7.4.1.tgz"
    "version" "7.4.1"
  
  "acorn@^8.6.0":
    "integrity" "sha512-Xx54uLJQZ19lKygFXOWsscKUbsBZW0CPykPhVQdhIeIwrbPmJzqeASDInc8nKBnp/JT6igTs82qPXz069H8I/A=="
    "resolved" "https://registry.npmjs.org/acorn/-/acorn-8.7.1.tgz"
    "version" "8.7.1"
  
  "agent-base@6":
    "integrity" "sha512-RZNwNclF7+MS/8bDg70amg32dyeZGZxiDuQmZxKLAlQjr3jGyLx+4Kkk58UO7D2QdgFIQCovuSuZESne6RG6XQ=="
    "resolved" "https://registry.npmjs.org/agent-base/-/agent-base-6.0.2.tgz"
    "version" "6.0.2"
    dependencies:
      "debug" "4"
  
  "ansi-regex@^2.0.0":
    "integrity" "sha512-TIGnTpdo+E3+pCyAluZvtED5p5wCqLdezCyhPZzKPcxvFplEt4i+W7OONCKgeZFT3+y5NZZfOOS/Bdcanm1MYA=="
    "resolved" "https://registry.npmjs.org/ansi-regex/-/ansi-regex-2.1.1.tgz"
    "version" "2.1.1"
  
  "ansi-regex@^5.0.1":
    "integrity" "sha512-quJQXlTSUGL2LH9SUXo8VwsY4soanhgo6LNSm84E1LBcE8s3O0wpdiRzyR9z/ZZJMlMWv37qOOb9pdJlMUEKFQ=="
    "resolved" "https://registry.npmjs.org/ansi-regex/-/ansi-regex-5.0.1.tgz"
    "version" "5.0.1"
  
  "anymatch@~3.1.2":
    "integrity" "sha512-P43ePfOAIupkguHUycrc4qJ9kz8ZiuOUijaETwX7THt0Y/GNK7v0aa8rY816xWjZ7rJdA5XdMcpVFTKMq+RvWg=="
    "resolved" "https://registry.npmjs.org/anymatch/-/anymatch-3.1.2.tgz"
    "version" "3.1.2"
    dependencies:
      "normalize-path" "^3.0.0"
      "picomatch" "^2.0.4"
  
  "aproba@^1.0.3 || ^2.0.0":
    "integrity" "sha512-lYe4Gx7QT+MKGbDsA+Z+he/Wtef0BiwDOlK/XkBrdfsh9J/jPPXbX0tE9x9cl27Tmu5gg3QUbUrQYa/y+KOHPQ=="
    "resolved" "https://registry.npmjs.org/aproba/-/aproba-2.0.0.tgz"
    "version" "2.0.0"
  
  "aproba@^1.0.3":
    "integrity" "sha512-Y9J6ZjXtoYh8RnXVCMOU/ttDmk1aBjunq9vO0ta5x85WDQiQfUF9sIPBITdbiiIVcBo03Hi3jMxigBtsddlXRw=="
    "resolved" "https://registry.npmjs.org/aproba/-/aproba-1.2.0.tgz"
    "version" "1.2.0"
  
  "are-we-there-yet@^2.0.0":
    "integrity" "sha512-Ci/qENmwHnsYo9xKIcUJN5LeDKdJ6R1Z1j9V/J5wyq8nh/mYPEpIKJbBZXtZjG04HiK7zV/p6Vs9952MrMeUIw=="
    "resolved" "https://registry.npmjs.org/are-we-there-yet/-/are-we-there-yet-2.0.0.tgz"
    "version" "2.0.0"
    dependencies:
      "delegates" "^1.0.0"
      "readable-stream" "^3.6.0"
  
  "are-we-there-yet@~1.1.2":
    "integrity" "sha512-nxwy40TuMiUGqMyRHgCSWZ9FM4VAoRP4xUYSTv5ImRog+h9yISPbVH7H8fASCIzYn9wlEv4zvFL7uKDMCFQm3g=="
    "resolved" "https://registry.npmjs.org/are-we-there-yet/-/are-we-there-yet-1.1.7.tgz"
    "version" "1.1.7"
    dependencies:
      "delegates" "^1.0.0"
      "readable-stream" "^2.0.6"
  
  "arg@^5.0.2":
    "integrity" "sha512-PYjyFOLKQ9y57JvQ6QLo8dAgNqswh8M1RMJYdQduT6xbWSgK36P/Z/v+p888pM69jMMfS8Xd8F6I1kQ/I9HUGg=="
    "resolved" "https://registry.npmjs.org/arg/-/arg-5.0.2.tgz"
    "version" "5.0.2"
  
  "autoprefixer@^10.0.2", "autoprefixer@^10.4.7":
    "integrity" "sha512-ypHju4Y2Oav95SipEcCcI5J7CGPuvz8oat7sUtYj3ClK44bldfvtvcxK6IEK++7rqB7YchDGzweZIBG+SD0ZAA=="
    "resolved" "https://registry.npmjs.org/autoprefixer/-/autoprefixer-10.4.7.tgz"
    "version" "10.4.7"
    dependencies:
      "browserslist" "^4.20.3"
      "caniuse-lite" "^1.0.30001335"
      "fraction.js" "^4.2.0"
      "normalize-range" "^0.1.2"
      "picocolors" "^1.0.0"
      "postcss-value-parser" "^4.2.0"
  
  "balanced-match@^1.0.0":
    "integrity" "sha512-3oSeUO0TMV67hN1AmbXsK4yaqU7tjiHlbxRDZOpH0KW9+CeX4bRAaX0Anxt0tx2MrpRpWwQaPwIlISEJhYU5Pw=="
    "resolved" "https://registry.npmjs.org/balanced-match/-/balanced-match-1.0.2.tgz"
    "version" "1.0.2"
  
  "binary-extensions@^2.0.0":
    "integrity" "sha512-jDctJ/IVQbZoJykoeHbhXpOlNBqGNcwXJKJog42E5HDPUwQTSdjCHdihjj0DlnheQ7blbT6dHOafNAiS8ooQKA=="
    "resolved" "https://registry.npmjs.org/binary-extensions/-/binary-extensions-2.2.0.tgz"
    "version" "2.2.0"
  
  "bindings@^1.4.0":
    "integrity" "sha512-p2q/t/mhvuOj/UeLlV6566GD/guowlr0hHxClI0W9m7MWYkL1F0hLo+0Aexs9HSPCtR1SXQ0TD3MMKrXZajbiQ=="
    "resolved" "https://registry.npmjs.org/bindings/-/bindings-1.5.0.tgz"
    "version" "1.5.0"
    dependencies:
      "file-uri-to-path" "1.0.0"
  
  "brace-expansion@^1.1.7":
    "integrity" "sha512-iCuPHDFgrHX7H2vEI/5xpz07zSHB00TpugqhmYtVmMO6518mCuRMoOYFldEBl0g187ufozdaHgWKcYFb61qGiA=="
    "resolved" "https://registry.npmjs.org/brace-expansion/-/brace-expansion-1.1.11.tgz"
    "version" "1.1.11"
    dependencies:
      "balanced-match" "^1.0.0"
      "concat-map" "0.0.1"
  
  "braces@^3.0.2", "braces@~3.0.2":
    "integrity" "sha512-b8um+L1RzM3WDSzvhm6gIz1yfTbBt6YTlcEKAvsmqCZZFw46z626lVj9j1yEPW33H5H+lBQpZMP1k8l+78Ha0A=="
    "resolved" "https://registry.npmjs.org/braces/-/braces-3.0.2.tgz"
    "version" "3.0.2"
    dependencies:
      "fill-range" "^7.0.1"
  
  "browserslist@^4.20.3":
    "integrity" "sha512-ok1d+1WpnU24XYN7oC3QWgTyMhY/avPJ/r9T00xxvUOIparA/gc+UPUMaod3i+G6s+nI2nUb9xZ5k794uIwShw=="
    "resolved" "https://registry.npmjs.org/browserslist/-/browserslist-4.20.4.tgz"
    "version" "4.20.4"
    dependencies:
      "caniuse-lite" "^1.0.30001349"
      "electron-to-chromium" "^1.4.147"
      "escalade" "^3.1.1"
      "node-releases" "^2.0.5"
      "picocolors" "^1.0.0"
  
  "buffer-crc32@^0.2.5":
    "integrity" "sha512-VO9Ht/+p3SN7SKWqcrgEzjGbRSJYTx+Q1pTQC0wrWqHx0vpJraQ6GtHx8tvcg1rlK1byhU5gccxgOgj7B0TDkQ=="
    "resolved" "https://registry.npmjs.org/buffer-crc32/-/buffer-crc32-0.2.13.tgz"
    "version" "0.2.13"
  
  "call-bind@^1.0.2":
    "integrity" "sha512-7O+FbCihrB5WGbFYesctwmTKae6rOiIzmz1icreWJ+0aA7LJfuqhEso2T9ncpcFtzMQtzXf2QGGueWJGTYsqrA=="
    "resolved" "https://registry.npmjs.org/call-bind/-/call-bind-1.0.2.tgz"
    "version" "1.0.2"
    dependencies:
      "function-bind" "^1.1.1"
      "get-intrinsic" "^1.0.2"
  
  "camelcase-css@^2.0.1":
    "integrity" "sha512-QOSvevhslijgYwRx6Rv7zKdMF8lbRmx+uQGx2+vDc+KI/eBnsy9kit5aj23AgGu3pa4t9AgwbnXWqS+iOY+2aA=="
    "resolved" "https://registry.npmjs.org/camelcase-css/-/camelcase-css-2.0.1.tgz"
    "version" "2.0.1"
  
  "caniuse-lite@^1.0.30001335", "caniuse-lite@^1.0.30001349":
    "integrity" "sha512-Sd6pjJHF27LzCB7pT7qs+kuX2ndurzCzkpJl6Qct7LPSZ9jn0bkOA8mdgMgmqnQAWLVOOGjLpc+66V57eLtb1g=="
    "resolved" "https://registry.npmjs.org/caniuse-lite/-/caniuse-lite-1.0.30001355.tgz"
    "version" "1.0.30001355"
  
  "chokidar@^3.5.3":
    "integrity" "sha512-Dr3sfKRP6oTcjf2JmUmFJfeVMvXBdegxB0iVQ5eb2V10uFJUCAS8OByZdVAyVb8xXNz3GjjTgj9kLWsZTqE6kw=="
    "resolved" "https://registry.npmjs.org/chokidar/-/chokidar-3.5.3.tgz"
    "version" "3.5.3"
    dependencies:
      "anymatch" "~3.1.2"
      "braces" "~3.0.2"
      "glob-parent" "~5.1.2"
      "is-binary-path" "~2.1.0"
      "is-glob" "~4.0.1"
      "normalize-path" "~3.0.0"
      "readdirp" "~3.6.0"
    optionalDependencies:
      "fsevents" "~2.3.2"
  
  "chownr@^1.1.4":
    "integrity" "sha512-jJ0bqzaylmJtVnNgzTeSOs8DPavpbYgEr/b0YL8/2GO3xJEhInFmhKMUnEJQjZumK7KXGFhUy89PrsJWlakBVg=="
    "resolved" "https://registry.npmjs.org/chownr/-/chownr-1.1.4.tgz"
    "version" "1.1.4"
  
  "chownr@^2.0.0":
    "integrity" "sha512-bIomtDF5KGpdogkLd9VspvFzk9KfpyyGlS8YFVZl7TGPBHL5snIOnxeshwVgPteQ9b4Eydl+pVbIyE1DcvCWgQ=="
    "resolved" "https://registry.npmjs.org/chownr/-/chownr-2.0.0.tgz"
    "version" "2.0.0"
  
  "clone@^2.1.1":
    "integrity" "sha512-3Pe/CF1Nn94hyhIYpjtiLhdCoEoz0DqQ+988E9gmeEdQZlojxnOb74wctFyuwWQHzqyf9X7C7MG8juUpqBJT8w=="
    "resolved" "https://registry.npmjs.org/clone/-/clone-2.1.2.tgz"
    "version" "2.1.2"
  
  "clsx@^1.1.1":
    "integrity" "sha512-6/bPho624p3S2pMyvP5kKBPXnI3ufHLObBFCfgx+LkeR5lg2XYy2hqZqUf45ypD8COn2bhgGJSUE+l5dhNBieA=="
    "resolved" "https://registry.npmjs.org/clsx/-/clsx-1.1.1.tgz"
    "version" "1.1.1"
  
  "code-point-at@^1.0.0":
    "integrity" "sha512-RpAVKQA5T63xEj6/giIbUEtZwJ4UFIc3ZtvEkiaUERylqe8xb5IvqcgOurZLahv93CLKfxcw5YI+DZcUBRyLXA=="
    "resolved" "https://registry.npmjs.org/code-point-at/-/code-point-at-1.1.0.tgz"
    "version" "1.1.0"
  
  "color-convert@^2.0.1":
    "integrity" "sha512-RRECPsj7iu/xb5oKYcsFHSppFNnsj/52OVTRKb4zP5onXwVF3zVmmToNcOfGC+CRDpfK/U584fMg38ZHCaElKQ=="
    "resolved" "https://registry.npmjs.org/color-convert/-/color-convert-2.0.1.tgz"
    "version" "2.0.1"
    dependencies:
      "color-name" "~1.1.4"
  
  "color-name@^1.0.0", "color-name@^1.1.4", "color-name@~1.1.4":
    "integrity" "sha512-dOy+3AuW3a2wNbZHIuMZpTcgjGuLU/uBL/ubcZF9OXbDo8ff4O8yVp5Bf0efS8uEoYo5q4Fx7dY9OgQGXgAsQA=="
    "resolved" "https://registry.npmjs.org/color-name/-/color-name-1.1.4.tgz"
    "version" "1.1.4"
  
  "color-string@^1.9.0":
    "integrity" "sha512-shrVawQFojnZv6xM40anx4CkoDP+fZsw/ZerEMsW/pyzsRbElpsL/DBVW7q3ExxwusdNXI3lXpuhEZkzs8p5Eg=="
    "resolved" "https://registry.npmjs.org/color-string/-/color-string-1.9.1.tgz"
    "version" "1.9.1"
    dependencies:
      "color-name" "^1.0.0"
      "simple-swizzle" "^0.2.2"
  
  "color-support@^1.1.2":
    "integrity" "sha512-qiBjkpbMLO/HL68y+lh4q0/O1MZFj2RX6X/KmMa3+gJD3z+WwI1ZzDHysvqHGS3mP6mznPckpXmw1nI9cJjyRg=="
    "resolved" "https://registry.npmjs.org/color-support/-/color-support-1.1.3.tgz"
    "version" "1.1.3"
  
  "color@^4.2":
    "integrity" "sha512-1rXeuUUiGGrykh+CeBdu5Ie7OJwinCgQY0bc7GCRxy5xVHy+moaqkpL/jqQq0MtQOeYcrqEz4abc5f0KtU7W4A=="
    "resolved" "https://registry.npmjs.org/color/-/color-4.2.3.tgz"
    "version" "4.2.3"
    dependencies:
      "color-convert" "^2.0.1"
      "color-string" "^1.9.0"
  
  "concat-map@0.0.1":
    "integrity" "sha512-/Srv4dswyQNBfohGpz9o6Yb3Gz3SrUDqBH5rTuhGR7ahtlbYKnVxw2bCFMRljaA7EXHaXZ8wsHdodFvbkhKmqg=="
    "resolved" "https://registry.npmjs.org/concat-map/-/concat-map-0.0.1.tgz"
    "version" "0.0.1"
  
  "console-control-strings@^1.0.0", "console-control-strings@^1.1.0", "console-control-strings@~1.1.0":
    "integrity" "sha512-ty/fTekppD2fIwRvnZAVdeOiGd1c7YXEixbgJTNzqcxJWKQnjJ/V1bNEEE6hygpM3WjwHFUVK6HTjWSzV4a8sQ=="
    "resolved" "https://registry.npmjs.org/console-control-strings/-/console-control-strings-1.1.0.tgz"
    "version" "1.1.0"
  
  "core-util-is@~1.0.0":
    "integrity" "sha512-ZQBvi1DcpJ4GDqanjucZ2Hj3wEO5pZDS89BWbkcrvdxksJorwUDDZamX9ldFkp9aw2lmBDLgkObEA4DWNJ9FYQ=="
    "resolved" "https://registry.npmjs.org/core-util-is/-/core-util-is-1.0.3.tgz"
    "version" "1.0.3"
  
  "css-selector-tokenizer@^0.8.0":
    "integrity" "sha512-Jd6Ig3/pe62/qe5SBPTN8h8LeUg/pT4lLgtavPf7updwwHpvFzxvOQBHYj2LZDMjUnBzgvIUSjRcf6oT5HzHFg=="
    "resolved" "https://registry.npmjs.org/css-selector-tokenizer/-/css-selector-tokenizer-0.8.0.tgz"
    "version" "0.8.0"
    dependencies:
      "cssesc" "^3.0.0"
      "fastparse" "^1.1.2"
  
  "cssesc@^3.0.0":
    "integrity" "sha512-/Tb/JcjK111nNScGob5MNtsntNM1aCNUDipB/TkwZFhyDrrE47SOx/18wF2bbjgc3ZzCSKW1T5nt5EbFoAz/Vg=="
    "resolved" "https://registry.npmjs.org/cssesc/-/cssesc-3.0.0.tgz"
    "version" "3.0.0"
  
  "daisyui@^2.15.4":
    "integrity" "sha512-bHO/ETG+N6i722jO6xup6AYh0KgigirOYIfY35lJzVDd85h6CXEWj//DhcF2HFVCF2N/zdh+lhK/mPc95v7Sig=="
    "resolved" "https://registry.npmjs.org/daisyui/-/daisyui-2.15.4.tgz"
    "version" "2.15.4"
    dependencies:
      "color" "^4.2"
      "css-selector-tokenizer" "^0.8.0"
      "postcss-js" "^4.0.0"
      "tailwindcss" "^3.0"
  
  "data-uri-to-buffer@^4.0.0":
    "integrity" "sha512-Vr3mLBA8qWmcuschSLAOogKgQ/Jwxulv3RNE4FXnYWRGujzrRWQI4m12fQqRkwX06C0KanhLr4hK+GydchZsaA=="
    "resolved" "https://registry.npmjs.org/data-uri-to-buffer/-/data-uri-to-buffer-4.0.0.tgz"
    "version" "4.0.0"
  
  "debug@^3.2.6":
    "integrity" "sha512-CFjzYYAi4ThfiQvizrFQevTTXHtnCqWfe7x1AhgEscTz6ZbLbfoLRLPugTQyBth6f8ZERVUSyWHFD/7Wu4t1XQ=="
    "resolved" "https://registry.npmjs.org/debug/-/debug-3.2.7.tgz"
    "version" "3.2.7"
    dependencies:
      "ms" "^2.1.1"
  
  "debug@^4.3.4", "debug@4":
    "integrity" "sha512-PRWFHuSU3eDtQJPvnNY7Jcket1j0t5OuOsFzPPzsekD52Zl8qUfFIPEiswXqIvHWGVHOgX+7G/vCNNhehwxfkQ=="
    "resolved" "https://registry.npmjs.org/debug/-/debug-4.3.4.tgz"
    "version" "4.3.4"
    dependencies:
      "ms" "2.1.2"
  
  "deep-equal@^1.0.1":
    "integrity" "sha512-yd9c5AdiqVcR+JjcwUQb9DkhJc8ngNr0MahEBGvDiJw8puWab2yZlh+nkasOnZP+EGTAP6rRp2JzJhJZzvNF8g=="
    "resolved" "https://registry.npmjs.org/deep-equal/-/deep-equal-1.1.1.tgz"
    "version" "1.1.1"
    dependencies:
      "is-arguments" "^1.0.4"
      "is-date-object" "^1.0.1"
      "is-regex" "^1.0.4"
      "object-is" "^1.0.1"
      "object-keys" "^1.1.1"
      "regexp.prototype.flags" "^1.2.0"
  
  "deep-extend@^0.6.0":
    "integrity" "sha512-LOHxIOaPYdHlJRtCQfDIVZtfw/ufM8+rVj649RIHzcm/vGwQRXFt6OPqIFWsm2XEMrNIEtWR64sY1LEKD2vAOA=="
    "resolved" "https://registry.npmjs.org/deep-extend/-/deep-extend-0.6.0.tgz"
    "version" "0.6.0"
  
  "deepmerge@^4.2.2":
    "integrity" "sha512-FJ3UgI4gIl+PHZm53knsuSFpE+nESMr7M4v9QcgB7S63Kj/6WqMiFQJpBBYz1Pt+66bZpP3Q7Lye0Oo9MPKEdg=="
    "resolved" "https://registry.npmjs.org/deepmerge/-/deepmerge-4.2.2.tgz"
    "version" "4.2.2"
  
  "define-properties@^1.1.3":
    "integrity" "sha512-uckOqKcfaVvtBdsVkdPv3XjveQJsNQqmhXgRi8uhvWWuPYZCNlzT8qAyblUgNoXdHdjMTzAqeGjAoli8f+bzPA=="
    "resolved" "https://registry.npmjs.org/define-properties/-/define-properties-1.1.4.tgz"
    "version" "1.1.4"
    dependencies:
      "has-property-descriptors" "^1.0.0"
      "object-keys" "^1.1.1"
  
  "defined@^1.0.0":
    "integrity" "sha512-Y2caI5+ZwS5c3RiNDJ6u53VhQHv+hHKwhkI1iHvceKUHw9Df6EK2zRLfjejRgMuCuxK7PfSWIMwWecceVvThjQ=="
    "resolved" "https://registry.npmjs.org/defined/-/defined-1.0.0.tgz"
    "version" "1.0.0"
  
  "delegates@^1.0.0":
    "integrity" "sha512-bd2L678uiWATM6m5Z1VzNCErI3jiGzt6HGY8OVICs40JQq/HALfbyNJmp0UDakEY4pMMaN0Ly5om/B1VI/+xfQ=="
    "resolved" "https://registry.npmjs.org/delegates/-/delegates-1.0.0.tgz"
    "version" "1.0.0"
  
  "detect-indent@^6.0.0":
    "integrity" "sha512-reYkTUJAZb9gUuZ2RvVCNhVHdg62RHnJ7WJl8ftMi4diZ6NWlciOzQN88pUhSELEwflJht4oQDv0F0BMlwaYtA=="
    "resolved" "https://registry.npmjs.org/detect-indent/-/detect-indent-6.1.0.tgz"
    "version" "6.1.0"
  
  "detect-libc@^1.0.2":
    "integrity" "sha512-pGjwhsmsp4kL2RTz08wcOlGN83otlqHeD/Z5T8GXZB+/YcpQ/dgo+lbU8ZsGxV0HIvqqxo9l7mqYwyYMD9bKDg=="
    "resolved" "https://registry.npmjs.org/detect-libc/-/detect-libc-1.0.3.tgz"
    "version" "1.0.3"
  
  "detect-libc@^2.0.0":
    "integrity" "sha512-463v3ZeIrcWtdgIg6vI6XUncguvr2TnGl4SzDXinkt9mSLpBJKXT3mW6xT3VQdDN11+WVs29pgvivTc4Lp8v+w=="
    "resolved" "https://registry.npmjs.org/detect-libc/-/detect-libc-2.0.1.tgz"
    "version" "2.0.1"
  
  "detective@^5.2.1":
    "integrity" "sha512-v9XE1zRnz1wRtgurGu0Bs8uHKFSTdteYZNbIPFVhUZ39L/S79ppMpdmVOZAnoz1jfEFodc48n6MX483Xo3t1yw=="
    "resolved" "https://registry.npmjs.org/detective/-/detective-5.2.1.tgz"
    "version" "5.2.1"
    dependencies:
      "acorn-node" "^1.8.2"
      "defined" "^1.0.0"
      "minimist" "^1.2.6"
  
  "didyoumean@^1.2.2":
    "integrity" "sha512-gxtyfqMg7GKyhQmb056K7M3xszy/myH8w+B4RT+QXBQsvAOdc3XymqDDPHx1BgPgsdAA5SIifona89YtRATDzw=="
    "resolved" "https://registry.npmjs.org/didyoumean/-/didyoumean-1.2.2.tgz"
    "version" "1.2.2"
  
  "dlv@^1.1.3":
    "integrity" "sha512-+HlytyjlPKnIG8XuRG8WvmBP8xs8P71y+SKKS6ZXWoEgLuePxtDoUEiH7WkdePWrQ5JBpE6aoVqfZfJUQkjXwA=="
    "resolved" "https://registry.npmjs.org/dlv/-/dlv-1.1.3.tgz"
    "version" "1.1.3"
  
  "electron-to-chromium@^1.4.147":
    "integrity" "sha512-O1Z12YfyeX2LXYO7MdHIPazGXzLzQnr1ADW55U2ARQsJBPgfpJz3u+g3Mo2l1wSyfOCdiGqaX9qtV4XKZ0HNRA=="
    "resolved" "https://registry.npmjs.org/electron-to-chromium/-/electron-to-chromium-1.4.160.tgz"
    "version" "1.4.160"
  
  "emoji-regex@^8.0.0":
    "integrity" "sha512-MSjYzcWNOA0ewAHpz0MxpYFvwg6yjy1NG3xteoqz644VCo/RPgnr1/GGt+ic3iJTzQ8Eu3TdM14SawnVUmGE6A=="
    "resolved" "https://registry.npmjs.org/emoji-regex/-/emoji-regex-8.0.0.tgz"
    "version" "8.0.0"
  
  "es6-promise@^3.1.2":
    "integrity" "sha512-SOp9Phqvqn7jtEUxPWdWfWoLmyt2VaJ6MpvP9Comy1MceMXqE6bxvaTu4iaxpYYPzhny28Lc+M87/c2cPK6lDg=="
    "resolved" "https://registry.npmjs.org/es6-promise/-/es6-promise-3.3.1.tgz"
    "version" "3.3.1"
  
  "esbuild-linux-64@0.14.42":
    "integrity" "sha512-2L0HbzQfbTuemUWfVqNIjOfaTRt9zsvjnme6lnr7/MO9toz/MJ5tZhjqrG6uDWDxhsaHI2/nsDgrv8uEEN2eoA=="
    "resolved" "https://registry.npmjs.org/esbuild-linux-64/-/esbuild-linux-64-0.14.42.tgz"
    "version" "0.14.42"
  
  "esbuild@^0.14.27", "esbuild@^0.14.42":
    "integrity" "sha512-V0uPZotCEHokJdNqyozH6qsaQXqmZEOiZWrXnds/zaH/0SyrIayRXWRB98CENO73MIZ9T3HBIOsmds5twWtmgw=="
    "resolved" "https://registry.npmjs.org/esbuild/-/esbuild-0.14.42.tgz"
    "version" "0.14.42"
    optionalDependencies:
      "esbuild-android-64" "0.14.42"
      "esbuild-android-arm64" "0.14.42"
      "esbuild-darwin-64" "0.14.42"
      "esbuild-darwin-arm64" "0.14.42"
      "esbuild-freebsd-64" "0.14.42"
      "esbuild-freebsd-arm64" "0.14.42"
      "esbuild-linux-32" "0.14.42"
      "esbuild-linux-64" "0.14.42"
      "esbuild-linux-arm" "0.14.42"
      "esbuild-linux-arm64" "0.14.42"
      "esbuild-linux-mips64le" "0.14.42"
      "esbuild-linux-ppc64le" "0.14.42"
      "esbuild-linux-riscv64" "0.14.42"
      "esbuild-linux-s390x" "0.14.42"
      "esbuild-netbsd-64" "0.14.42"
      "esbuild-openbsd-64" "0.14.42"
      "esbuild-sunos-64" "0.14.42"
      "esbuild-windows-32" "0.14.42"
      "esbuild-windows-64" "0.14.42"
      "esbuild-windows-arm64" "0.14.42"
  
  "escalade@^3.1.1":
    "integrity" "sha512-k0er2gUkLf8O0zKJiAhmkTnJlTvINGv7ygDNPbeIsX/TJjGJZHuh9B2UxbsaEkmlEo9MfhrSzmhIlhRlI2GXnw=="
    "resolved" "https://registry.npmjs.org/escalade/-/escalade-3.1.1.tgz"
    "version" "3.1.1"
  
  "estree-walker@^0.6.1":
    "integrity" "sha512-SqmZANLWS0mnatqbSfRP5g8OXZC12Fgg1IwNtLsyHDzJizORW4khDfjPqJZsemPWBB2uqykUah5YpQ6epsqC/w=="
    "resolved" "https://registry.npmjs.org/estree-walker/-/estree-walker-0.6.1.tgz"
    "version" "0.6.1"
  
  "estree-walker@^2.0.1", "estree-walker@2.0.2":
    "integrity" "sha512-Rfkk/Mp/DL7JVje3u18FxFujQlTNR2q6QfMSMB7AvCBx91NGj/ba3kCfza0f6dVDbw7YlRf/nDrn7pQrCCyQ/w=="
    "resolved" "https://registry.npmjs.org/estree-walker/-/estree-walker-2.0.2.tgz"
    "version" "2.0.2"
  
  "eventemitter3@^2.0.3":
    "integrity" "sha512-jLN68Dx5kyFHaePoXWPsCGW5qdyZQtLYHkxkg02/Mz6g0kYpDx4FyP6XfArhQdlOC4b8Mv+EMxPo/8La7Tzghg=="
    "resolved" "https://registry.npmjs.org/eventemitter3/-/eventemitter3-2.0.3.tgz"
    "version" "2.0.3"
  
  "extend@^3.0.2":
    "integrity" "sha512-fjquC59cD7CyW6urNXK0FBufkZcoiGG80wTuPujX590cB5Ttln20E2UB4S/WARVqhXffZl2LNgS+gQdPIIim/g=="
    "resolved" "https://registry.npmjs.org/extend/-/extend-3.0.2.tgz"
    "version" "3.0.2"
  
  "fast-diff@1.1.2":
    "integrity" "sha512-KaJUt+M9t1qaIteSvjc6P3RbMdXsNhK61GRftR6SNxqmhthcd9MGIi4T+o0jD8LUSpSnSKXE20nLtJ3fOHxQig=="
    "resolved" "https://registry.npmjs.org/fast-diff/-/fast-diff-1.1.2.tgz"
    "version" "1.1.2"
  
  "fast-glob@^3.2.11":
    "integrity" "sha512-xrO3+1bxSo3ZVHAnqzyuewYT6aMFHRAd4Kcs92MAonjwQZLsK9d0SF1IyQ3k5PoirxTW0Oe/RqFgMQ6TcNE5Ew=="
    "resolved" "https://registry.npmjs.org/fast-glob/-/fast-glob-3.2.11.tgz"
    "version" "3.2.11"
    dependencies:
      "@nodelib/fs.stat" "^2.0.2"
      "@nodelib/fs.walk" "^1.2.3"
      "glob-parent" "^5.1.2"
      "merge2" "^1.3.0"
      "micromatch" "^4.0.4"
  
  "fastparse@^1.1.2":
    "integrity" "sha512-483XLLxTVIwWK3QTrMGRqUfUpoOs/0hbQrl2oz4J0pAcm3A3bu84wxTFqGqkJzewCLdME38xJLJAxBABfQT8sQ=="
    "resolved" "https://registry.npmjs.org/fastparse/-/fastparse-1.1.2.tgz"
    "version" "1.1.2"
  
  "fastq@^1.6.0":
    "integrity" "sha512-YpkpUnK8od0o1hmeSc7UUs/eB/vIPWJYjKck2QKIzAf71Vm1AAQ3EbuZB3g2JIy+pg+ERD0vqI79KyZiB2e2Nw=="
    "resolved" "https://registry.npmjs.org/fastq/-/fastq-1.13.0.tgz"
    "version" "1.13.0"
    dependencies:
      "reusify" "^1.0.4"
  
  "fetch-blob@^3.1.2", "fetch-blob@^3.1.4":
    "integrity" "sha512-N64ZpKqoLejlrwkIAnb9iLSA3Vx/kjgzpcDhygcqJ2KKjky8nCgUQ+dzXtbrLaWZGZNmNfQTsiQ0weZ1svglHg=="
    "resolved" "https://registry.npmjs.org/fetch-blob/-/fetch-blob-3.1.5.tgz"
    "version" "3.1.5"
    dependencies:
      "node-domexception" "^1.0.0"
      "web-streams-polyfill" "^3.0.3"
  
  "file-uri-to-path@1.0.0":
    "integrity" "sha512-0Zt+s3L7Vf1biwWZ29aARiVYLx7iMGnEUl9x33fbB/j3jR81u/O2LbqK+Bm1CDSNDKVtJ/YjwY7TUd5SkeLQLw=="
    "resolved" "https://registry.npmjs.org/file-uri-to-path/-/file-uri-to-path-1.0.0.tgz"
    "version" "1.0.0"
  
  "fill-range@^7.0.1":
    "integrity" "sha512-qOo9F+dMUmC2Lcb4BbVvnKJxTPjCm+RRpe4gDuGrzkL7mEVl/djYSu2OdQ2Pa302N4oqkSg9ir6jaLWJ2USVpQ=="
    "resolved" "https://registry.npmjs.org/fill-range/-/fill-range-7.0.1.tgz"
    "version" "7.0.1"
    dependencies:
      "to-regex-range" "^5.0.1"
  
  "flatpickr@^4.6.9":
    "integrity" "sha512-97PMG/aywoYpB4IvbvUJi0RQi8vearvU0oov1WW3k0WZPBMrTQVqekSX5CjSG/M4Q3i6A/0FKXC7RyAoAUUSPw=="
    "resolved" "https://registry.npmjs.org/flatpickr/-/flatpickr-4.6.13.tgz"
    "version" "4.6.13"
  
  "formdata-polyfill@^4.0.10":
    "integrity" "sha512-buewHzMvYL29jdeQTVILecSaZKnt/RJWjoZCF5OW60Z67/GmSLBkOFM7qh1PI3zFNtJbaZL5eQu1vLfazOwj4g=="
    "resolved" "https://registry.npmjs.org/formdata-polyfill/-/formdata-polyfill-4.0.10.tgz"
    "version" "4.0.10"
    dependencies:
      "fetch-blob" "^3.1.2"
  
  "fraction.js@^4.2.0":
    "integrity" "sha512-MhLuK+2gUcnZe8ZHlaaINnQLl0xRIGRfcGk2yl8xoQAfHrSsL3rYu6FCmBdkdbhc9EPlwyGHewaRsvwRMJtAlA=="
    "resolved" "https://registry.npmjs.org/fraction.js/-/fraction.js-4.2.0.tgz"
    "version" "4.2.0"
  
  "fs-minipass@^1.2.7":
    "integrity" "sha512-GWSSJGFy4e9GUeCcbIkED+bgAoFyj7XF1mV8rma3QW4NIqX9Kyx79N/PF61H5udOV3aY1IaMLs6pGbH71nlCTA=="
    "resolved" "https://registry.npmjs.org/fs-minipass/-/fs-minipass-1.2.7.tgz"
    "version" "1.2.7"
    dependencies:
      "minipass" "^2.6.0"
  
  "fs-minipass@^2.0.0":
    "integrity" "sha512-V/JgOLFCS+R6Vcq0slCuaeWEdNC3ouDlJMNIsacH2VtALiu9mV4LPrHc5cDl8k5aw6J8jwgWWpiTo5RYhmIzvg=="
    "resolved" "https://registry.npmjs.org/fs-minipass/-/fs-minipass-2.1.0.tgz"
    "version" "2.1.0"
    dependencies:
      "minipass" "^3.0.0"
  
  "fs.realpath@^1.0.0":
    "integrity" "sha512-OO0pH2lK6a0hZnAdau5ItzHPI6pUlvI7jMVnxUQRtw4owF2wk8lOSabtGDCTP4Ggrg2MbGnWO9X8K1t4+fGMDw=="
    "resolved" "https://registry.npmjs.org/fs.realpath/-/fs.realpath-1.0.0.tgz"
    "version" "1.0.0"
  
  "function-bind@^1.1.1":
    "integrity" "sha512-yIovAzMX49sF8Yl58fSCWJ5svSLuaibPxXQJFLmBObTuCr0Mf1KiPopGM9NiFjiYBCbfaa2Fh6breQ6ANVTI0A=="
    "resolved" "https://registry.npmjs.org/function-bind/-/function-bind-1.1.1.tgz"
    "version" "1.1.1"
  
  "functions-have-names@^1.2.2":
    "integrity" "sha512-xckBUXyTIqT97tq2x2AMb+g163b5JFysYk0x4qxNFwbfQkmNZoiRHb6sPzI9/QV33WeuvVYBUIiD4NzNIyqaRQ=="
    "resolved" "https://registry.npmjs.org/functions-have-names/-/functions-have-names-1.2.3.tgz"
    "version" "1.2.3"
  
  "gauge@^3.0.0":
    "integrity" "sha512-+5J6MS/5XksCuXq++uFRsnUd7Ovu1XenbeuIuNRJxYWjgQbPuFhT14lAvsWfqfAmnwluf1OwMjz39HjfLPci0Q=="
    "resolved" "https://registry.npmjs.org/gauge/-/gauge-3.0.2.tgz"
    "version" "3.0.2"
    dependencies:
      "aproba" "^1.0.3 || ^2.0.0"
      "color-support" "^1.1.2"
      "console-control-strings" "^1.0.0"
      "has-unicode" "^2.0.1"
      "object-assign" "^4.1.1"
      "signal-exit" "^3.0.0"
      "string-width" "^4.2.3"
      "strip-ansi" "^6.0.1"
      "wide-align" "^1.1.2"
  
  "gauge@~2.7.3":
    "integrity" "sha512-14x4kjc6lkD3ltw589k0NrPD6cCNTD6CWoVUNpB85+DrtONoZn+Rug6xZU5RvSC4+TZPxA5AnBibQYAvZn41Hg=="
    "resolved" "https://registry.npmjs.org/gauge/-/gauge-2.7.4.tgz"
    "version" "2.7.4"
    dependencies:
      "aproba" "^1.0.3"
      "console-control-strings" "^1.0.0"
      "has-unicode" "^2.0.0"
      "object-assign" "^4.1.0"
      "signal-exit" "^3.0.0"
      "string-width" "^1.0.1"
      "strip-ansi" "^3.0.1"
      "wide-align" "^1.1.0"
  
  "get-intrinsic@^1.0.2", "get-intrinsic@^1.1.1":
    "integrity" "sha512-Jfm3OyCxHh9DJyc28qGk+JmfkpO41A4XkneDSujN9MDXrm4oDKdHvndhZ2dN94+ERNfkYJWDclW6k2L/ZGHjXA=="
    "resolved" "https://registry.npmjs.org/get-intrinsic/-/get-intrinsic-1.1.2.tgz"
    "version" "1.1.2"
    dependencies:
      "function-bind" "^1.1.1"
      "has" "^1.0.3"
      "has-symbols" "^1.0.3"
  
  "glob-parent@^5.1.2", "glob-parent@~5.1.2":
    "integrity" "sha512-AOIgSQCepiJYwP3ARnGx+5VnTu2HBYdzbGP45eLw1vr3zB3vZLeyed1sC9hnbcOc9/SrMyM5RPQrkGz4aS9Zow=="
    "resolved" "https://registry.npmjs.org/glob-parent/-/glob-parent-5.1.2.tgz"
    "version" "5.1.2"
    dependencies:
      "is-glob" "^4.0.1"
  
  "glob-parent@^6.0.2":
    "integrity" "sha512-XxwI8EOhVQgWp6iDL+3b0r86f4d6AX6zSU55HfB4ydCEuXLXc5FcYeOu+nnGftS4TEju/11rt4KJPTMgbfmv4A=="
    "resolved" "https://registry.npmjs.org/glob-parent/-/glob-parent-6.0.2.tgz"
    "version" "6.0.2"
    dependencies:
      "is-glob" "^4.0.3"
  
  "glob@^7.1.3":
    "integrity" "sha512-nFR0zLpU2YCaRxwoCJvL6UvCH2JFyFVIvwTLsIf21AuHlMskA1hhTdk+LlYJtOlYt9v6dvszD2BGRqBL+iQK9Q=="
    "resolved" "https://registry.npmjs.org/glob/-/glob-7.2.3.tgz"
    "version" "7.2.3"
    dependencies:
      "fs.realpath" "^1.0.0"
      "inflight" "^1.0.4"
      "inherits" "2"
      "minimatch" "^3.1.1"
      "once" "^1.3.0"
      "path-is-absolute" "^1.0.0"
  
  "globalyzer@0.1.0":
    "integrity" "sha512-40oNTM9UfG6aBmuKxk/giHn5nQ8RVz/SS4Ir6zgzOv9/qC3kKZ9v4etGTcJbEl/NyVQH7FGU7d+X1egr57Md2Q=="
    "resolved" "https://registry.npmjs.org/globalyzer/-/globalyzer-0.1.0.tgz"
    "version" "0.1.0"
  
  "globrex@^0.1.2":
    "integrity" "sha512-uHJgbwAMwNFf5mLst7IWLNg14x1CkeqglJb/K3doi4dw6q2IvAAmM/Y81kevy83wP+Sst+nutFTYOGg3d1lsxg=="
    "resolved" "https://registry.npmjs.org/globrex/-/globrex-0.1.2.tgz"
    "version" "0.1.2"
  
  "graceful-fs@^4.1.3", "graceful-fs@^4.2.9":
    "integrity" "sha512-9ByhssR2fPVsNZj478qUUbKfmL0+t5BDVyjShtyZZLiK7ZDAArFFfopyOTj0M05wE2tJPisA4iTnnXl2YoPvOA=="
    "resolved" "https://registry.npmjs.org/graceful-fs/-/graceful-fs-4.2.10.tgz"
    "version" "4.2.10"
  
  "has-property-descriptors@^1.0.0":
    "integrity" "sha512-62DVLZGoiEBDHQyqG4w9xCuZ7eJEwNmJRWw2VY84Oedb7WFcA27fiEVe8oUQx9hAUJ4ekurquucTGwsyO1XGdQ=="
    "resolved" "https://registry.npmjs.org/has-property-descriptors/-/has-property-descriptors-1.0.0.tgz"
    "version" "1.0.0"
    dependencies:
      "get-intrinsic" "^1.1.1"
  
  "has-symbols@^1.0.2", "has-symbols@^1.0.3":
    "integrity" "sha512-l3LCuF6MgDNwTDKkdYGEihYjt5pRPbEg46rtlmnSPlUbgmB8LOIrKJbYYFBSbnPaJexMKtiPO8hmeRjRz2Td+A=="
    "resolved" "https://registry.npmjs.org/has-symbols/-/has-symbols-1.0.3.tgz"
    "version" "1.0.3"
  
  "has-tostringtag@^1.0.0":
    "integrity" "sha512-kFjcSNhnlGV1kyoGk7OXKSawH5JOb/LzUc5w9B02hOTO0dfFRjbHQKvg1d6cf3HbeUmtU9VbbV3qzZ2Teh97WQ=="
    "resolved" "https://registry.npmjs.org/has-tostringtag/-/has-tostringtag-1.0.0.tgz"
    "version" "1.0.0"
    dependencies:
      "has-symbols" "^1.0.2"
  
  "has-unicode@^2.0.0", "has-unicode@^2.0.1":
    "integrity" "sha512-8Rf9Y83NBReMnx0gFzA8JImQACstCYWUplepDa9xprwwtmgEZUF0h/i5xSA625zB/I37EtrswSST6OXxwaaIJQ=="
    "resolved" "https://registry.npmjs.org/has-unicode/-/has-unicode-2.0.1.tgz"
    "version" "2.0.1"
  
  "has@^1.0.3":
    "integrity" "sha512-f2dvO0VU6Oej7RkWJGrehjbzMAjFp5/VKPp5tTpWIV4JHHZK1/BxbFRtf/siA2SWTe09caDmVtYYzWEIbBS4zw=="
    "resolved" "https://registry.npmjs.org/has/-/has-1.0.3.tgz"
    "version" "1.0.3"
    dependencies:
      "function-bind" "^1.1.1"
  
  "https-proxy-agent@^5.0.0":
    "integrity" "sha512-dFcAjpTQFgoLMzC2VwU+C/CbS7uRL0lWmxDITmqm7C+7F0Odmj6s9l6alZc6AELXhrnggM2CeWSXHGOdX2YtwA=="
    "resolved" "https://registry.npmjs.org/https-proxy-agent/-/https-proxy-agent-5.0.1.tgz"
    "version" "5.0.1"
    dependencies:
      "agent-base" "6"
      "debug" "4"
  
  "iconv-lite@^0.4.4":
    "integrity" "sha512-v3MXnZAcvnywkTUEZomIActle7RXXeedOR31wwl7VlyoXO4Qi9arvSenNQWne1TcRwhCL1HwLI21bEqdpj8/rA=="
    "resolved" "https://registry.npmjs.org/iconv-lite/-/iconv-lite-0.4.24.tgz"
    "version" "0.4.24"
    dependencies:
      "safer-buffer" ">= 2.1.2 < 3"
  
  "ignore-walk@^3.0.1":
    "integrity" "sha512-PY6Ii8o1jMRA1z4F2hRkH/xN59ox43DavKvD3oDpfurRlOJyAHpifIwpbdv1n4jt4ov0jSpw3kQ4GhJnpBL6WQ=="
    "resolved" "https://registry.npmjs.org/ignore-walk/-/ignore-walk-3.0.4.tgz"
    "version" "3.0.4"
    dependencies:
      "minimatch" "^3.0.4"
  
  "inflight@^1.0.4":
    "integrity" "sha512-k92I/b08q4wvFscXCLvqfsHCrjrF7yiXsQuIVvVE7N82W3+aqpzuUdBbfhWcy/FZR3/4IgflMgKLOsvPDrGCJA=="
    "resolved" "https://registry.npmjs.org/inflight/-/inflight-1.0.6.tgz"
    "version" "1.0.6"
    dependencies:
      "once" "^1.3.0"
      "wrappy" "1"
  
  "inherits@^2.0.3", "inherits@~2.0.3", "inherits@2":
    "integrity" "sha512-k/vGaX4/Yla3WzyMCvTQOXYeIHvqOKtnqBduzTHpzpQZzAskKMhZ2K+EnBiSM9zGSoIFeMpXKxa4dYeZIQqewQ=="
    "resolved" "https://registry.npmjs.org/inherits/-/inherits-2.0.4.tgz"
    "version" "2.0.4"
  
  "ini@~1.3.0":
    "integrity" "sha512-JV/yugV2uzW5iMRSiZAyDtQd+nxtUnjeLt0acNdw98kKLrvuRVyB80tsREOE7yvGVgalhZ6RNXCmEHkUKBKxew=="
    "resolved" "https://registry.npmjs.org/ini/-/ini-1.3.8.tgz"
    "version" "1.3.8"
  
  "is-arguments@^1.0.4":
    "integrity" "sha512-8Q7EARjzEnKpt/PCD7e1cgUS0a6X8u5tdSiMqXhojOdoV9TsMsiO+9VLC5vAmO8N7/GmXn7yjR8qnA6bVAEzfA=="
    "resolved" "https://registry.npmjs.org/is-arguments/-/is-arguments-1.1.1.tgz"
    "version" "1.1.1"
    dependencies:
      "call-bind" "^1.0.2"
      "has-tostringtag" "^1.0.0"
  
  "is-arrayish@^0.3.1":
    "integrity" "sha512-eVRqCvVlZbuw3GrM63ovNSNAeA1K16kaR/LRY/92w0zxQ5/1YzwblUX652i4Xs9RwAGjW9d9y6X88t8OaAJfWQ=="
    "resolved" "https://registry.npmjs.org/is-arrayish/-/is-arrayish-0.3.2.tgz"
    "version" "0.3.2"
  
  "is-binary-path@~2.1.0":
    "integrity" "sha512-ZMERYes6pDydyuGidse7OsHxtbI7WVeUEozgR/g7rd0xUimYNlvZRE/K2MgZTjWy725IfelLeVcEM97mmtRGXw=="
    "resolved" "https://registry.npmjs.org/is-binary-path/-/is-binary-path-2.1.0.tgz"
    "version" "2.1.0"
    dependencies:
      "binary-extensions" "^2.0.0"
  
  "is-core-module@^2.8.1":
    "integrity" "sha512-+5FPy5PnwmO3lvfMb0AsoPaBG+5KHUI0wYFXOtYPnVVVspTFUuMZNfNaNVRt3FZadstu2c8x23vykRW/NBoU6A=="
    "resolved" "https://registry.npmjs.org/is-core-module/-/is-core-module-2.9.0.tgz"
    "version" "2.9.0"
    dependencies:
      "has" "^1.0.3"
  
  "is-date-object@^1.0.1":
    "integrity" "sha512-9YQaSxsAiSwcvS33MBk3wTCVnWK+HhF8VZR2jRxehM16QcVOdHqPn4VPHmRK4lSr38n9JriurInLcP90xsYNfQ=="
    "resolved" "https://registry.npmjs.org/is-date-object/-/is-date-object-1.0.5.tgz"
    "version" "1.0.5"
    dependencies:
      "has-tostringtag" "^1.0.0"
  
  "is-extglob@^2.1.1":
    "integrity" "sha512-SbKbANkN603Vi4jEZv49LeVJMn4yGwsbzZworEoyEiutsN3nJYdbO36zfhGJ6QEDpOZIFkDtnq5JRxmvl3jsoQ=="
    "resolved" "https://registry.npmjs.org/is-extglob/-/is-extglob-2.1.1.tgz"
    "version" "2.1.1"
  
  "is-fullwidth-code-point@^1.0.0":
    "integrity" "sha512-1pqUqRjkhPJ9miNq9SwMfdvi6lBJcd6eFxvfaivQhaH3SgisfiuudvFntdKOmxuee/77l+FPjKrQjWvmPjWrRw=="
    "resolved" "https://registry.npmjs.org/is-fullwidth-code-point/-/is-fullwidth-code-point-1.0.0.tgz"
    "version" "1.0.0"
    dependencies:
      "number-is-nan" "^1.0.0"
  
  "is-fullwidth-code-point@^3.0.0":
    "integrity" "sha512-zymm5+u+sCsSWyD9qNaejV3DFvhCKclKdizYaJUuHA83RLjb7nSuGnddCHGv0hk+KY7BMAlsWeK4Ueg6EV6XQg=="
    "resolved" "https://registry.npmjs.org/is-fullwidth-code-point/-/is-fullwidth-code-point-3.0.0.tgz"
    "version" "3.0.0"
  
  "is-glob@^4.0.1", "is-glob@^4.0.3", "is-glob@~4.0.1":
    "integrity" "sha512-xelSayHH36ZgE7ZWhli7pW34hNbNl8Ojv5KVmkJD4hBdD3th8Tfk9vYasLM+mXWOZhFkgZfxhLSnrwRr4elSSg=="
    "resolved" "https://registry.npmjs.org/is-glob/-/is-glob-4.0.3.tgz"
    "version" "4.0.3"
    dependencies:
      "is-extglob" "^2.1.1"
  
  "is-number@^7.0.0":
    "integrity" "sha512-41Cifkg6e8TylSpdtTpeLVMqvSBEVzTttHvERD741+pnZ8ANv0004MRL43QKPDlK9cGvNp6NZWZUBlbGXYxxng=="
    "resolved" "https://registry.npmjs.org/is-number/-/is-number-7.0.0.tgz"
    "version" "7.0.0"
  
  "is-regex@^1.0.4":
    "integrity" "sha512-kvRdxDsxZjhzUX07ZnLydzS1TU/TJlTUHHY4YLL87e37oUA49DfkLqgy+VjFocowy29cKvcSiu+kIv728jTTVg=="
    "resolved" "https://registry.npmjs.org/is-regex/-/is-regex-1.1.4.tgz"
    "version" "1.1.4"
    dependencies:
      "call-bind" "^1.0.2"
      "has-tostringtag" "^1.0.0"
  
  "isarray@~1.0.0":
    "integrity" "sha512-VLghIWNM6ELQzo7zwmcg0NmTVyWKYjvIeM83yjp0wRDTmUnrM678fQbcKBo6n2CJEF0szoG//ytg+TKla89ALQ=="
    "resolved" "https://registry.npmjs.org/isarray/-/isarray-1.0.0.tgz"
    "version" "1.0.0"
  
  "kleur@^4.1.4":
    "integrity" "sha512-8QADVssbrFjivHWQU7KkMgptGTl6WAcSdlbBPY4uNF+mWr6DGcKrvY2w4FQJoXch7+fKMjj0dRrL75vk3k23OA=="
    "resolved" "https://registry.npmjs.org/kleur/-/kleur-4.1.4.tgz"
    "version" "4.1.4"
  
  "lilconfig@^2.0.5":
    "integrity" "sha512-xaYmXZtTHPAw5m+xLN8ab9C+3a8YmV3asNSPOATITbtwrfbwaLJj8h66H1WMIpALCkqsIzK3h7oQ+PdX+LQ9Eg=="
    "resolved" "https://registry.npmjs.org/lilconfig/-/lilconfig-2.0.5.tgz"
    "version" "2.0.5"
  
  "lru-cache@^6.0.0":
    "integrity" "sha512-Jo6dJ04CmSjuznwJSS3pUeWmd/H0ffTlkXXgwZi+eq1UCmqQwCh+eLsYOYCwY991i2Fah4h1BEMCx4qThGbsiA=="
    "resolved" "https://registry.npmjs.org/lru-cache/-/lru-cache-6.0.0.tgz"
    "version" "6.0.0"
    dependencies:
      "yallist" "^4.0.0"
  
  "magic-string@^0.25.7":
    "integrity" "sha512-RmF0AsMzgt25qzqqLc1+MbHmhdx0ojF2Fvs4XnOqz2ZOBXzzkEwc/dJQZCYHAn7v1jbVOjAZfK8msRn4BxO4VQ=="
    "resolved" "https://registry.npmjs.org/magic-string/-/magic-string-0.25.9.tgz"
    "version" "0.25.9"
    dependencies:
      "sourcemap-codec" "^1.4.8"
  
  "magic-string@^0.26.2":
    "integrity" "sha512-NzzlXpclt5zAbmo6h6jNc8zl2gNRGHvmsZW4IvZhTC4W7k4OlLP+S5YLussa/r3ixNT66KOQfNORlXHSOy/X4A=="
    "resolved" "https://registry.npmjs.org/magic-string/-/magic-string-0.26.2.tgz"
    "version" "0.26.2"
    dependencies:
      "sourcemap-codec" "^1.4.8"
  
  "make-dir@^3.1.0":
    "integrity" "sha512-g3FeP20LNwhALb/6Cz6Dd4F2ngze0jz7tbzrD2wAV+o9FeNHe4rL+yK2md0J/fiSf1sa1ADhXqi5+oVwOM/eGw=="
    "resolved" "https://registry.npmjs.org/make-dir/-/make-dir-3.1.0.tgz"
    "version" "3.1.0"
    dependencies:
      "semver" "^6.0.0"
  
  "merge2@^1.3.0":
    "integrity" "sha512-8q7VEgMJW4J8tcfVPy8g09NcQwZdbwFEqhe/WZkoIzjn/3TGDwtOCYtXGxA3O8tPzpczCCDgv+P2P5y00ZJOOg=="
    "resolved" "https://registry.npmjs.org/merge2/-/merge2-1.4.1.tgz"
    "version" "1.4.1"
  
  "micromatch@^4.0.2", "micromatch@^4.0.4":
    "integrity" "sha512-DMy+ERcEW2q8Z2Po+WNXuw3c5YaUSFjAO5GsJqfEl7UjvtIuFKO6ZrKvcItdy98dwFI2N1tg3zNIdKaQT+aNdA=="
    "resolved" "https://registry.npmjs.org/micromatch/-/micromatch-4.0.5.tgz"
    "version" "4.0.5"
    dependencies:
      "braces" "^3.0.2"
      "picomatch" "^2.3.1"
  
  "min-indent@^1.0.0":
    "integrity" "sha512-I9jwMn07Sy/IwOj3zVkVik2JTvgpaykDZEigL6Rx6N9LbMywwUSMtxET+7lVoDLLd3O3IXwJwvuuns8UB/HeAg=="
    "resolved" "https://registry.npmjs.org/min-indent/-/min-indent-1.0.1.tgz"
    "version" "1.0.1"
  
  "minimatch@^3.0.4", "minimatch@^3.1.1":
    "integrity" "sha512-J7p63hRiAjw1NDEww1W7i37+ByIrOWO5XQQAzZ3VOcL0PNybwpfmV/N05zFAzwQ9USyEcX6t3UO+K5aqBQOIHw=="
    "resolved" "https://registry.npmjs.org/minimatch/-/minimatch-3.1.2.tgz"
    "version" "3.1.2"
    dependencies:
      "brace-expansion" "^1.1.7"
  
  "minimist@^1.2.0", "minimist@^1.2.6":
    "integrity" "sha512-Jsjnk4bw3YJqYzbdyBiNsPWHPfO++UGG749Cxs6peCu5Xg4nrena6OVxOYxrQTqww0Jmwt+Ref8rggumkTLz9Q=="
    "resolved" "https://registry.npmjs.org/minimist/-/minimist-1.2.6.tgz"
    "version" "1.2.6"
  
  "minipass@^2.6.0", "minipass@^2.9.0":
    "integrity" "sha512-wxfUjg9WebH+CUDX/CdbRlh5SmfZiy/hpkxaRI16Y9W56Pa75sWgd/rvFilSgrauD9NyFymP/+JFV3KwzIsJeg=="
    "resolved" "https://registry.npmjs.org/minipass/-/minipass-2.9.0.tgz"
    "version" "2.9.0"
    dependencies:
      "safe-buffer" "^5.1.2"
      "yallist" "^3.0.0"
  
  "minipass@^3.0.0":
    "integrity" "sha512-rty5kpw9/z8SX9dmxblFA6edItUmwJgMeYDZRrwlIVN27i8gysGbznJwUggw2V/FVqFSDdWy040ZPS811DYAqQ=="
    "resolved" "https://registry.npmjs.org/minipass/-/minipass-3.1.6.tgz"
    "version" "3.1.6"
    dependencies:
      "yallist" "^4.0.0"
  
  "minizlib@^1.3.3":
    "integrity" "sha512-6ZYMOEnmVsdCeTJVE0W9ZD+pVnE8h9Hma/iOwwRDsdQoePpoX56/8B6z3P9VNwppJuBKNRuFDRNRqRWexT9G9Q=="
    "resolved" "https://registry.npmjs.org/minizlib/-/minizlib-1.3.3.tgz"
    "version" "1.3.3"
    dependencies:
      "minipass" "^2.9.0"
  
  "minizlib@^2.1.1":
    "integrity" "sha512-bAxsR8BVfj60DWXHE3u30oHzfl4G7khkSuPW+qvpd7jFRHm7dLxOjUk1EHACJ/hxLY8phGJ0YhYHZo7jil7Qdg=="
    "resolved" "https://registry.npmjs.org/minizlib/-/minizlib-2.1.2.tgz"
    "version" "2.1.2"
    dependencies:
      "minipass" "^3.0.0"
      "yallist" "^4.0.0"
  
  "mkdirp@^0.5.1", "mkdirp@^0.5.5":
    "integrity" "sha512-FP+p8RB8OWpF3YZBCrP5gtADmtXApB5AMLn+vdyA+PyxCjrCs00mjyUozssO33cwDeT3wNGdLxJ5M//YqtHAJw=="
    "resolved" "https://registry.npmjs.org/mkdirp/-/mkdirp-0.5.6.tgz"
    "version" "0.5.6"
    dependencies:
      "minimist" "^1.2.6"
  
  "mkdirp@^1.0.3":
    "integrity" "sha512-vVqVZQyf3WLx2Shd0qJ9xuvqgAyKPLAiqITEtqW0oIUjzo3PePDd6fW9iFz30ef7Ysp/oiWqbhszeGWW2T6Gzw=="
    "resolved" "https://registry.npmjs.org/mkdirp/-/mkdirp-1.0.4.tgz"
    "version" "1.0.4"
  
  "mri@^1.1.0":
    "integrity" "sha512-tzzskb3bG8LvYGFF/mDTpq3jpI6Q9wc3LEmBaghu+DdCssd1FakN7Bc0hVNmEyGq1bq3RgfkCb3cmQLpNPOroA=="
    "resolved" "https://registry.npmjs.org/mri/-/mri-1.2.0.tgz"
    "version" "1.2.0"
  
  "mrmime@^1.0.0":
    "integrity" "sha512-a70zx7zFfVO7XpnQ2IX1Myh9yY4UYvfld/dikWRnsXxbyvMcfz+u6UfgNAtH+k2QqtJuzVpv6eLTx1G2+WKZbQ=="
    "resolved" "https://registry.npmjs.org/mrmime/-/mrmime-1.0.0.tgz"
    "version" "1.0.0"
  
  "ms@^2.1.1", "ms@2.1.2":
    "integrity" "sha512-sGkPx+VjMtmA6MX27oA4FBFELFCZZ4S4XqeGOXCv68tT+jb3vk/RyaKWP0PTKyWtmLSM0b+adUTEvbs1PEaH2w=="
    "resolved" "https://registry.npmjs.org/ms/-/ms-2.1.2.tgz"
    "version" "2.1.2"
  
  "nanoid@^3.3.4":
    "integrity" "sha512-MqBkQh/OHTS2egovRtLk45wEyNXwF+cokD+1YPf9u5VfJiRdAiRwB2froX5Co9Rh20xs4siNPm8naNotSD6RBw=="
    "resolved" "https://registry.npmjs.org/nanoid/-/nanoid-3.3.4.tgz"
    "version" "3.3.4"
  
  "needle@^2.2.1":
    "integrity" "sha512-6R9fqJ5Zcmf+uYaFgdIHmLwNldn5HbK8L5ybn7Uz+ylX/rnOsSp1AHcvQSrCaFN+qNM1wpymHqD7mVasEOlHGQ=="
    "resolved" "https://registry.npmjs.org/needle/-/needle-2.9.1.tgz"
    "version" "2.9.1"
    dependencies:
      "debug" "^3.2.6"
      "iconv-lite" "^0.4.4"
      "sax" "^1.2.4"
  
  "node-domexception@^1.0.0":
    "integrity" "sha512-/jKZoMpw0F8GRwl4/eLROPA3cfcXtLApP0QzLmUT/HuPCZWyB7IY9ZrMeKw2O/nFIqPQB3PVM9aYm0F312AXDQ=="
    "resolved" "https://registry.npmjs.org/node-domexception/-/node-domexception-1.0.0.tgz"
    "version" "1.0.0"
  
  "node-fetch@^2.6.7":
    "integrity" "sha512-ZjMPFEfVx5j+y2yF35Kzx5sF7kDzxuDj6ziH4FFbOp87zKDZNx8yExJIb05OGF4Nlt9IHFIMBkRl41VdvcNdbQ=="
    "resolved" "https://registry.npmjs.org/node-fetch/-/node-fetch-2.6.7.tgz"
    "version" "2.6.7"
    dependencies:
      "whatwg-url" "^5.0.0"
  
  "node-fetch@^3.2.6":
    "integrity" "sha512-LAy/HZnLADOVkVPubaxHDft29booGglPFDr2Hw0J1AercRh01UiVFm++KMDnJeH9sHgNB4hsXPii7Sgym/sTbw=="
    "resolved" "https://registry.npmjs.org/node-fetch/-/node-fetch-3.2.6.tgz"
    "version" "3.2.6"
    dependencies:
      "data-uri-to-buffer" "^4.0.0"
      "fetch-blob" "^3.1.4"
      "formdata-polyfill" "^4.0.10"
  
  "node-gyp-build@^4.2.2":
    "integrity" "sha512-amJnQCcgtRVw9SvoebO3BKGESClrfXGCUTX9hSn1OuGQTQBOZmVd0Z0OlecpuRksKvbsUqALE8jls/ErClAPuQ=="
    "resolved" "https://registry.npmjs.org/node-gyp-build/-/node-gyp-build-4.4.0.tgz"
    "version" "4.4.0"
  
  "node-pre-gyp@^0.13.0":
    "integrity" "sha512-Md1D3xnEne8b/HGVQkZZwV27WUi1ZRuZBij24TNaZwUPU3ZAFtvT6xxJGaUVillfmMKnn5oD1HoGsp2Ftik7SQ=="
    "resolved" "https://registry.npmjs.org/node-pre-gyp/-/node-pre-gyp-0.13.0.tgz"
    "version" "0.13.0"
    dependencies:
      "detect-libc" "^1.0.2"
      "mkdirp" "^0.5.1"
      "needle" "^2.2.1"
      "nopt" "^4.0.1"
      "npm-packlist" "^1.1.6"
      "npmlog" "^4.0.2"
      "rc" "^1.2.7"
      "rimraf" "^2.6.1"
      "semver" "^5.3.0"
      "tar" "^4"
  
  "node-releases@^2.0.5":
    "integrity" "sha512-U9h1NLROZTq9uE1SNffn6WuPDg8icmi3ns4rEl/oTfIle4iLjTliCzgTsbaIFMq/Xn078/lfY/BL0GWZ+psK4Q=="
    "resolved" "https://registry.npmjs.org/node-releases/-/node-releases-2.0.5.tgz"
    "version" "2.0.5"
  
  "nopt@^4.0.1":
    "integrity" "sha512-CvaGwVMztSMJLOeXPrez7fyfObdZqNUK1cPAEzLHrTybIua9pMdmmPR5YwtfNftIOMv3DPUhFaxsZMNTQO20Kg=="
    "resolved" "https://registry.npmjs.org/nopt/-/nopt-4.0.3.tgz"
    "version" "4.0.3"
    dependencies:
      "abbrev" "1"
      "osenv" "^0.1.4"
  
  "nopt@^5.0.0":
    "integrity" "sha512-Tbj67rffqceeLpcRXrT7vKAN8CwfPeIBgM7E6iBkmKLV7bEMwpGgYLGv0jACUsECaa/vuxP0IjEont6umdMgtQ=="
    "resolved" "https://registry.npmjs.org/nopt/-/nopt-5.0.0.tgz"
    "version" "5.0.0"
    dependencies:
      "abbrev" "1"
  
  "normalize-path@^3.0.0", "normalize-path@~3.0.0":
    "integrity" "sha512-6eZs5Ls3WtCisHWp9S2GUy8dqkpGi4BVSz3GaqiE6ezub0512ESztXUwUB6C6IKbQkY2Pnb/mD4WYojCRwcwLA=="
    "resolved" "https://registry.npmjs.org/normalize-path/-/normalize-path-3.0.0.tgz"
    "version" "3.0.0"
  
  "normalize-range@^0.1.2":
    "integrity" "sha512-bdok/XvKII3nUpklnV6P2hxtMNrCboOjAcyBuQnWEhO665FwrSNRxU+AqpsyvO6LgGYPspN+lu5CLtw4jPRKNA=="
    "resolved" "https://registry.npmjs.org/normalize-range/-/normalize-range-0.1.2.tgz"
    "version" "0.1.2"
  
  "npm-bundled@^1.0.1":
    "integrity" "sha512-x5DHup0SuyQcmL3s7Rx/YQ8sbw/Hzg0rj48eN0dV7hf5cmQq5PXIeioroH3raV1QC1yh3uTYuMThvEQF3iKgGQ=="
    "resolved" "https://registry.npmjs.org/npm-bundled/-/npm-bundled-1.1.2.tgz"
    "version" "1.1.2"
    dependencies:
      "npm-normalize-package-bin" "^1.0.1"
  
  "npm-normalize-package-bin@^1.0.1":
    "integrity" "sha512-EPfafl6JL5/rU+ot6P3gRSCpPDW5VmIzX959Ob1+ySFUuuYHWHekXpwdUZcKP5C+DS4GEtdJluwBjnsNDl+fSA=="
    "resolved" "https://registry.npmjs.org/npm-normalize-package-bin/-/npm-normalize-package-bin-1.0.1.tgz"
    "version" "1.0.1"
  
  "npm-packlist@^1.1.6":
    "integrity" "sha512-5+AZgwru5IevF5ZdnFglB5wNlHG1AOOuw28WhUq8/8emhBmLv6jX5by4WJCh7lW0uSYZYS6DXqIsyZVIXRZU9A=="
    "resolved" "https://registry.npmjs.org/npm-packlist/-/npm-packlist-1.4.8.tgz"
    "version" "1.4.8"
    dependencies:
      "ignore-walk" "^3.0.1"
      "npm-bundled" "^1.0.1"
      "npm-normalize-package-bin" "^1.0.1"
  
  "npmlog@^4.0.2":
    "integrity" "sha512-2uUqazuKlTaSI/dC8AzicUck7+IrEaOnN/e0jd3Xtt1KcGpwx30v50mL7oPyr/h9bL3E4aZccVwpwP+5W9Vjkg=="
    "resolved" "https://registry.npmjs.org/npmlog/-/npmlog-4.1.2.tgz"
    "version" "4.1.2"
    dependencies:
      "are-we-there-yet" "~1.1.2"
      "console-control-strings" "~1.1.0"
      "gauge" "~2.7.3"
      "set-blocking" "~2.0.0"
  
  "npmlog@^5.0.1":
    "integrity" "sha512-AqZtDUWOMKs1G/8lwylVjrdYgqA4d9nu8hc+0gzRxlDb1I10+FHBGMXs6aiQHFdCUUlqH99MUMuLfzWDNDtfxw=="
    "resolved" "https://registry.npmjs.org/npmlog/-/npmlog-5.0.1.tgz"
    "version" "5.0.1"
    dependencies:
      "are-we-there-yet" "^2.0.0"
      "console-control-strings" "^1.1.0"
      "gauge" "^3.0.0"
      "set-blocking" "^2.0.0"
  
  "number-is-nan@^1.0.0":
    "integrity" "sha512-4jbtZXNAsfZbAHiiqjLPBiCl16dES1zI4Hpzzxw61Tk+loF+sBDBKx1ICKKKwIqQ7M0mFn1TmkN7euSncWgHiQ=="
    "resolved" "https://registry.npmjs.org/number-is-nan/-/number-is-nan-1.0.1.tgz"
    "version" "1.0.1"
  
  "object-assign@^4.1.0", "object-assign@^4.1.1":
    "integrity" "sha512-rJgTQnkUnH1sFw8yT6VSU3zD3sWmu6sZhIseY8VX+GRu3P6F7Fu+JNDoXfklElbLJSnc3FUQHVe4cU5hj+BcUg=="
    "resolved" "https://registry.npmjs.org/object-assign/-/object-assign-4.1.1.tgz"
    "version" "4.1.1"
  
  "object-hash@^3.0.0":
    "integrity" "sha512-RSn9F68PjH9HqtltsSnqYC1XXoWe9Bju5+213R98cNGttag9q9yAOTzdbsqvIa7aNm5WffBZFpWYr2aWrklWAw=="
    "resolved" "https://registry.npmjs.org/object-hash/-/object-hash-3.0.0.tgz"
    "version" "3.0.0"
  
  "object-is@^1.0.1":
    "integrity" "sha512-3cyDsyHgtmi7I7DfSSI2LDp6SK2lwvtbg0p0R1e0RvTqF5ceGx+K2dfSjm1bKDMVCFEDAQvy+o8c6a7VujOddw=="
    "resolved" "https://registry.npmjs.org/object-is/-/object-is-1.1.5.tgz"
    "version" "1.1.5"
    dependencies:
      "call-bind" "^1.0.2"
      "define-properties" "^1.1.3"
  
  "object-keys@^1.1.1":
    "integrity" "sha512-NuAESUOUMrlIXOfHKzD6bpPu3tYt3xvjNdRIQ+FeT0lNb4K8WR70CaDxhuNguS2XG+GjkyMwOzsN5ZktImfhLA=="
    "resolved" "https://registry.npmjs.org/object-keys/-/object-keys-1.1.1.tgz"
    "version" "1.1.1"
  
  "once@^1.3.0":
    "integrity" "sha512-lNaJgI+2Q5URQBkccEKHTQOPaXdUxnZZElQTZY0MFUAuaEqe1E+Nyvgdz/aIyNi6Z9MzO5dv1H8n58/GELp3+w=="
    "resolved" "https://registry.npmjs.org/once/-/once-1.4.0.tgz"
    "version" "1.4.0"
    dependencies:
      "wrappy" "1"
  
  "os-homedir@^1.0.0":
    "integrity" "sha512-B5JU3cabzk8c67mRRd3ECmROafjYMXbuzlwtqdM8IbS8ktlTix8aFGb2bAGKrSRIlnfKwovGUUr72JUPyOb6kQ=="
    "resolved" "https://registry.npmjs.org/os-homedir/-/os-homedir-1.0.2.tgz"
    "version" "1.0.2"
  
  "os-tmpdir@^1.0.0":
    "integrity" "sha512-D2FR03Vir7FIu45XBY20mTb+/ZSWB00sjU9jdQXt83gDrI4Ztz5Fs7/yy74g2N5SVQY4xY1qDr4rNddwYRVX0g=="
    "resolved" "https://registry.npmjs.org/os-tmpdir/-/os-tmpdir-1.0.2.tgz"
    "version" "1.0.2"
  
  "osenv@^0.1.4":
    "integrity" "sha512-0CWcCECdMVc2Rw3U5w9ZjqX6ga6ubk1xDVKxtBQPK7wis/0F2r9T6k4ydGYhecl7YUBxBVxhL5oisPsNxAPe2g=="
    "resolved" "https://registry.npmjs.org/osenv/-/osenv-0.1.5.tgz"
    "version" "0.1.5"
    dependencies:
      "os-homedir" "^1.0.0"
      "os-tmpdir" "^1.0.0"
  
  "parchment@^1.1.4":
    "integrity" "sha512-J5FBQt/pM2inLzg4hEWmzQx/8h8D0CiDxaG3vyp9rKrQRSDgBlhjdP5jQGgosEajXPSQouXGHOmVdgo7QmJuOg=="
    "resolved" "https://registry.npmjs.org/parchment/-/parchment-1.1.4.tgz"
    "version" "1.1.4"
  
  "path-is-absolute@^1.0.0":
    "integrity" "sha512-AVbw3UJ2e9bq64vSaS9Am0fje1Pa8pbGqTTsmXfaIiMpnr5DlDhfJOuLj9Sf95ZPVDAUerDfEk88MPmPe7UCQg=="
    "resolved" "https://registry.npmjs.org/path-is-absolute/-/path-is-absolute-1.0.1.tgz"
    "version" "1.0.1"
  
  "path-parse@^1.0.7":
    "integrity" "sha512-LDJzPVEEEPR+y48z93A0Ed0yXb8pAByGWo/k5YYdYgpY2/2EsOsksJrq7lOHxryrVOn1ejG6oAp8ahvOIQD8sw=="
    "resolved" "https://registry.npmjs.org/path-parse/-/path-parse-1.0.7.tgz"
    "version" "1.0.7"
  
  "picocolors@^1.0.0":
    "integrity" "sha512-1fygroTLlHu66zi26VoTDv8yRgm0Fccecssto+MhsZ0D/DGW2sm8E8AjW7NU5VVTRt5GxbeZ5qBuJr+HyLYkjQ=="
    "resolved" "https://registry.npmjs.org/picocolors/-/picocolors-1.0.0.tgz"
    "version" "1.0.0"
  
  "picomatch@^2.0.4", "picomatch@^2.2.1", "picomatch@^2.2.2", "picomatch@^2.3.1":
    "integrity" "sha512-JU3teHTNjmE2VCGFzuY8EXzCDVwEqB2a8fsIvwaStHhAWJEeVd1o1QD80CU6+ZdEXXSLbSsuLwJjkCBWqRQUVA=="
    "resolved" "https://registry.npmjs.org/picomatch/-/picomatch-2.3.1.tgz"
    "version" "2.3.1"
  
  "pify@^2.3.0":
    "integrity" "sha512-udgsAY+fTnvv7kI7aaxbqwWNb0AHiB0qBO89PZKPkoTmGOgdbrHDKD+0B2X4uTfJ/FT1R09r9gTsjUjNJotuog=="
    "resolved" "https://registry.npmjs.org/pify/-/pify-2.3.0.tgz"
    "version" "2.3.0"
  
  "postcss-import@^14.1.0":
    "integrity" "sha512-flwI+Vgm4SElObFVPpTIT7SU7R3qk2L7PyduMcokiaVKuWv9d/U+Gm/QAd8NDLuykTWTkcrjOeD2Pp1rMeBTGw=="
    "resolved" "https://registry.npmjs.org/postcss-import/-/postcss-import-14.1.0.tgz"
    "version" "14.1.0"
    dependencies:
      "postcss-value-parser" "^4.0.0"
      "read-cache" "^1.0.0"
      "resolve" "^1.1.7"
  
  "postcss-js@^4.0.0":
    "integrity" "sha512-77QESFBwgX4irogGVPgQ5s07vLvFqWr228qZY+w6lW599cRlK/HmnlivnnVUxkjHnCu4J16PDMHcH+e+2HbvTQ=="
    "resolved" "https://registry.npmjs.org/postcss-js/-/postcss-js-4.0.0.tgz"
    "version" "4.0.0"
    dependencies:
      "camelcase-css" "^2.0.1"
  
  "postcss-load-config@^2.1.0 || ^3.0.0 || ^4.0.0", "postcss-load-config@^3.1.4":
    "integrity" "sha512-6DiM4E7v4coTE4uzA8U//WhtPwyhiim3eyjEMFCnUpzbrkK9wJHgKDT2mR+HbtSrd/NubVaYTOpSpjUl8NQeRg=="
    "resolved" "https://registry.npmjs.org/postcss-load-config/-/postcss-load-config-3.1.4.tgz"
    "version" "3.1.4"
    dependencies:
      "lilconfig" "^2.0.5"
      "yaml" "^1.10.2"
  
  "postcss-nested@5.0.6":
    "integrity" "sha512-rKqm2Fk0KbA8Vt3AdGN0FB9OBOMDVajMG6ZCf/GoHgdxUJ4sBFp0A/uMIRm+MJUdo33YXEtjqIz8u7DAp8B7DA=="
    "resolved" "https://registry.npmjs.org/postcss-nested/-/postcss-nested-5.0.6.tgz"
    "version" "5.0.6"
    dependencies:
      "postcss-selector-parser" "^6.0.6"
  
  "postcss-selector-parser@^6.0.10", "postcss-selector-parser@^6.0.6":
    "integrity" "sha512-IQ7TZdoaqbT+LCpShg46jnZVlhWD2w6iQYAcYXfHARZ7X1t/UGhhceQDs5X0cGqKvYlHNOuv7Oa1xmb0oQuA3w=="
    "resolved" "https://registry.npmjs.org/postcss-selector-parser/-/postcss-selector-parser-6.0.10.tgz"
    "version" "6.0.10"
    dependencies:
      "cssesc" "^3.0.0"
      "util-deprecate" "^1.0.2"
  
  "postcss-value-parser@^4.0.0", "postcss-value-parser@^4.2.0":
    "integrity" "sha512-1NNCs6uurfkVbeXG4S8JFT9t19m45ICnif8zWLd5oPSZ50QnwMfK+H3jv408d4jw/7Bttv5axS5IiHoLaVNHeQ=="
    "resolved" "https://registry.npmjs.org/postcss-value-parser/-/postcss-value-parser-4.2.0.tgz"
    "version" "4.2.0"
  
  "postcss@^7 || ^8", "postcss@^8.0.0", "postcss@^8.1.0", "postcss@^8.1.6", "postcss@^8.2.14", "postcss@^8.3.3", "postcss@^8.4.13", "postcss@^8.4.14", "postcss@>=8.0.9":
    "integrity" "sha512-E398TUmfAYFPBSdzgeieK2Y1+1cpdxJx8yXbK/m57nRhKSmk1GB2tO4lbLBtlkfPQTDKfe4Xqv1ASWPpayPEig=="
    "resolved" "https://registry.npmjs.org/postcss/-/postcss-8.4.14.tgz"
    "version" "8.4.14"
    dependencies:
      "nanoid" "^3.3.4"
      "picocolors" "^1.0.0"
      "source-map-js" "^1.0.2"
  
  "process-nextick-args@~2.0.0":
    "integrity" "sha512-3ouUOpQhtgrbOa17J7+uxOTpITYWaGP7/AhoR3+A+/1e9skrzelGi/dXzEYyvbxubEF6Wn2ypscTKiKJFFn1ag=="
    "resolved" "https://registry.npmjs.org/process-nextick-args/-/process-nextick-args-2.0.1.tgz"
    "version" "2.0.1"
  
  "queue-microtask@^1.2.2":
    "integrity" "sha512-NuaNSa6flKT5JaSYQzJok04JzTL1CA6aGhv5rfLW3PgqA+M2ChpZQnAC8h8i4ZFkBS8X5RqkDBHA7r4hej3K9A=="
    "resolved" "https://registry.npmjs.org/queue-microtask/-/queue-microtask-1.2.3.tgz"
    "version" "1.2.3"
  
  "quick-lru@^5.1.1":
    "integrity" "sha512-WuyALRjWPDGtt/wzJiadO5AXY+8hZ80hVpe6MyivgraREW751X3SbhRvG3eLKOYN+8VEvqLcf3wdnt44Z4S4SA=="
    "resolved" "https://registry.npmjs.org/quick-lru/-/quick-lru-5.1.1.tgz"
    "version" "5.1.1"
  
  "quill-delta@^3.6.2":
    "integrity" "sha512-wdIGBlcX13tCHOXGMVnnTVFtGRLoP0imqxM696fIPwIf5ODIYUHIvHbZcyvGlZFiFhK5XzDC2lpjbxRhnM05Tg=="
    "resolved" "https://registry.npmjs.org/quill-delta/-/quill-delta-3.6.3.tgz"
    "version" "3.6.3"
    dependencies:
      "deep-equal" "^1.0.1"
      "extend" "^3.0.2"
      "fast-diff" "1.1.2"
  
  "quill@^1.3.7":
    "integrity" "sha512-hG/DVzh/TiknWtE6QmWAF/pxoZKYxfe3J/d/+ShUWkDvvkZQVTPeVmUJVu1uE6DDooC4fWTiCLh84ul89oNz5g=="
    "resolved" "https://registry.npmjs.org/quill/-/quill-1.3.7.tgz"
    "version" "1.3.7"
    dependencies:
      "clone" "^2.1.1"
      "deep-equal" "^1.0.1"
      "eventemitter3" "^2.0.3"
      "extend" "^3.0.2"
      "parchment" "^1.1.4"
      "quill-delta" "^3.6.2"
  
  "rc@^1.2.7":
    "integrity" "sha512-y3bGgqKj3QBdxLbLkomlohkvsA8gdAiUQlSBJnBhfn+BPxg4bc62d8TcBW15wavDfgexCgccckhcZvywyQYPOw=="
    "resolved" "https://registry.npmjs.org/rc/-/rc-1.2.8.tgz"
    "version" "1.2.8"
    dependencies:
      "deep-extend" "^0.6.0"
      "ini" "~1.3.0"
      "minimist" "^1.2.0"
      "strip-json-comments" "~2.0.1"
  
  "read-cache@^1.0.0":
    "integrity" "sha512-Owdv/Ft7IjOgm/i0xvNDZ1LrRANRfew4b2prF3OWMQLxLfu3bS8FVhCsrSCMK4lR56Y9ya+AThoTpDCTxCmpRA=="
    "resolved" "https://registry.npmjs.org/read-cache/-/read-cache-1.0.0.tgz"
    "version" "1.0.0"
    dependencies:
      "pify" "^2.3.0"
  
  "readable-stream@^2.0.6":
    "integrity" "sha512-Ebho8K4jIbHAxnuxi7o42OrZgF/ZTNcsZj6nRKyUmkhLFq8CHItp/fy6hQZuZmP/n3yZ9VBUbp4zz/mX8hmYPw=="
    "resolved" "https://registry.npmjs.org/readable-stream/-/readable-stream-2.3.7.tgz"
    "version" "2.3.7"
    dependencies:
      "core-util-is" "~1.0.0"
      "inherits" "~2.0.3"
      "isarray" "~1.0.0"
      "process-nextick-args" "~2.0.0"
      "safe-buffer" "~5.1.1"
      "string_decoder" "~1.1.1"
      "util-deprecate" "~1.0.1"
  
  "readable-stream@^3.6.0":
    "integrity" "sha512-BViHy7LKeTz4oNnkcLJ+lVSL6vpiFeX6/d3oSH8zCW7UxP2onchk+vTGB143xuFjHS3deTgkKoXXymXqymiIdA=="
    "resolved" "https://registry.npmjs.org/readable-stream/-/readable-stream-3.6.0.tgz"
    "version" "3.6.0"
    dependencies:
      "inherits" "^2.0.3"
      "string_decoder" "^1.1.1"
      "util-deprecate" "^1.0.1"
  
  "readdirp@~3.6.0":
    "integrity" "sha512-hOS089on8RduqdbhvQ5Z37A0ESjsqz6qnRcffsMU3495FuTdqSm+7bhJ29JvIOsBDEEnan5DPu9t3To9VRlMzA=="
    "resolved" "https://registry.npmjs.org/readdirp/-/readdirp-3.6.0.tgz"
    "version" "3.6.0"
    dependencies:
      "picomatch" "^2.2.1"
  
  "regexp.prototype.flags@^1.2.0":
    "integrity" "sha512-fjggEOO3slI6Wvgjwflkc4NFRCTZAu5CnNfBd5qOMYhWdn67nJBBu34/TkD++eeFmd8C9r9jfXJ27+nSiRkSUA=="
    "resolved" "https://registry.npmjs.org/regexp.prototype.flags/-/regexp.prototype.flags-1.4.3.tgz"
    "version" "1.4.3"
    dependencies:
      "call-bind" "^1.0.2"
      "define-properties" "^1.1.3"
      "functions-have-names" "^1.2.2"
  
  "regexparam@^2.0.0":
    "integrity" "sha512-gJKwd2MVPWHAIFLsaYDZfyKzHNS4o7E/v8YmNf44vmeV2e4YfVoDToTOKTvE7ab68cRJ++kLuEXJBaEeJVt5ow=="
    "resolved" "https://registry.npmjs.org/regexparam/-/regexparam-2.0.0.tgz"
    "version" "2.0.0"
  
  "resolve-from@^5.0.0":
    "integrity" "sha512-qYg9KP24dD5qka9J47d0aVky0N+b4fTU89LN9iDnjB5waksiC49rvMB0PrUJQGoTmH50XPiqOvAjDfaijGxYZw=="
    "resolved" "https://registry.npmjs.org/resolve-from/-/resolve-from-5.0.0.tgz"
    "version" "5.0.0"
  
  "resolve@^1.1.7", "resolve@^1.22.0":
    "integrity" "sha512-Hhtrw0nLeSrFQ7phPp4OOcVjLPIeMnRlr5mcnVuMe7M/7eBn98A3hmFRLoFo3DLZkivSYwhRUJTyPyWAk56WLw=="
    "resolved" "https://registry.npmjs.org/resolve/-/resolve-1.22.0.tgz"
    "version" "1.22.0"
    dependencies:
      "is-core-module" "^2.8.1"
      "path-parse" "^1.0.7"
      "supports-preserve-symlinks-flag" "^1.0.0"
  
  "reusify@^1.0.4":
    "integrity" "sha512-U9nH88a3fc/ekCF1l0/UP1IosiuIjyTh7hBvXVMHYgVcfGvt897Xguj2UOLDeI5BG2m7/uwyaLVT6fbtCwTyzw=="
    "resolved" "https://registry.npmjs.org/reusify/-/reusify-1.0.4.tgz"
    "version" "1.0.4"
  
  "rimraf@^2.5.2":
    "integrity" "sha512-uWjbaKIK3T1OSVptzX7Nl6PvQ3qAGtKEtVRjRuazjfL3Bx5eI409VZSqgND+4UNnmzLVdPj9FqFJNPqBZFve4w=="
    "resolved" "https://registry.npmjs.org/rimraf/-/rimraf-2.7.1.tgz"
    "version" "2.7.1"
    dependencies:
      "glob" "^7.1.3"
  
  "rimraf@^2.6.1":
    "integrity" "sha512-uWjbaKIK3T1OSVptzX7Nl6PvQ3qAGtKEtVRjRuazjfL3Bx5eI409VZSqgND+4UNnmzLVdPj9FqFJNPqBZFve4w=="
    "resolved" "https://registry.npmjs.org/rimraf/-/rimraf-2.7.1.tgz"
    "version" "2.7.1"
    dependencies:
      "glob" "^7.1.3"
  
  "rimraf@^3.0.2":
    "integrity" "sha512-JZkJMZkAGFFPP2YqXZXPbMlMBgsxzE8ILs4lMIX/2o0L9UBw9O/Y3o6wFw/i9YLapcUJWwqbi3kdxIPdC62TIA=="
    "resolved" "https://registry.npmjs.org/rimraf/-/rimraf-3.0.2.tgz"
    "version" "3.0.2"
    dependencies:
      "glob" "^7.1.3"
  
  "rollup-pluginutils@^2.8.2":
    "integrity" "sha512-EEp9NhnUkwY8aif6bxgovPHMoMoNr2FulJziTndpt5H9RdwC47GSGuII9XxpSdzVGM0GWrNPHV6ie1LTNJPaLQ=="
    "resolved" "https://registry.npmjs.org/rollup-pluginutils/-/rollup-pluginutils-2.8.2.tgz"
    "version" "2.8.2"
    dependencies:
      "estree-walker" "^0.6.1"
  
  "rollup@^2.59.0":
    "integrity" "sha512-JzNlJZDison3o2mOxVmb44Oz7t74EfSd1SQrplQk0wSaXV7uLQXtVdHbxlcT3w+8tZ1TL4r/eLfc7nAbz38BBA=="
    "resolved" "https://registry.npmjs.org/rollup/-/rollup-2.75.5.tgz"
    "version" "2.75.5"
    optionalDependencies:
      "fsevents" "~2.3.2"
  
  "run-parallel@^1.1.9":
    "integrity" "sha512-5l4VyZR86LZ/lDxZTR6jqL8AFE2S0IFLMP26AbjsLVADxHdhB/c0GUsH+y39UfCi3dzz8OlQuPmnaJOMoDHQBA=="
    "resolved" "https://registry.npmjs.org/run-parallel/-/run-parallel-1.2.0.tgz"
    "version" "1.2.0"
    dependencies:
      "queue-microtask" "^1.2.2"
  
  "sade@^1.8.1":
    "integrity" "sha512-xal3CZX1Xlo/k4ApwCFrHVACi9fBqJ7V+mwhBsuf/1IOKbBy098Fex+Wa/5QMubw09pSZ/u8EY8PWgevJsXp1A=="
    "resolved" "https://registry.npmjs.org/sade/-/sade-1.8.1.tgz"
    "version" "1.8.1"
    dependencies:
      "mri" "^1.1.0"
  
  "safe-buffer@^5.1.2", "safe-buffer@^5.2.1", "safe-buffer@~5.2.0":
    "integrity" "sha512-rp3So07KcdmmKbGvgaNxQSJr7bGVSVk5S9Eq1F+ppbRo70+YeaDxkw5Dd8NPN+GD6bjnYm2VuPuCXmpuYvmCXQ=="
    "resolved" "https://registry.npmjs.org/safe-buffer/-/safe-buffer-5.2.1.tgz"
    "version" "5.2.1"
  
  "safe-buffer@~5.1.0":
    "integrity" "sha512-Gd2UZBJDkXlY7GbJxfsE8/nvKkUEU1G38c1siN6QP6a9PT9MmHB8GnpscSmMJSoF8LOIrt8ud/wPtojys4G6+g=="
    "resolved" "https://registry.npmjs.org/safe-buffer/-/safe-buffer-5.1.2.tgz"
    "version" "5.1.2"
  
  "safe-buffer@~5.1.1":
    "integrity" "sha512-Gd2UZBJDkXlY7GbJxfsE8/nvKkUEU1G38c1siN6QP6a9PT9MmHB8GnpscSmMJSoF8LOIrt8ud/wPtojys4G6+g=="
    "resolved" "https://registry.npmjs.org/safe-buffer/-/safe-buffer-5.1.2.tgz"
    "version" "5.1.2"
  
  "safer-buffer@>= 2.1.2 < 3":
    "integrity" "sha512-YZo3K82SD7Riyi0E1EQPojLz7kpepnSQI9IyPbHHg1XXXevb5dJI7tpyN2ADxGcQbHG7vcyRHk0cbwqcQriUtg=="
    "resolved" "https://registry.npmjs.org/safer-buffer/-/safer-buffer-2.1.2.tgz"
    "version" "2.1.2"
  
  "sander@^0.5.0":
    "integrity" "sha512-3lVqBir7WuKDHGrKRDn/1Ye3kwpXaDOMsiRP1wd6wpZW56gJhsbp5RqQpA6JG/P+pkXizygnr1dKR8vzWaVsfA=="
    "resolved" "https://registry.npmjs.org/sander/-/sander-0.5.1.tgz"
    "version" "0.5.1"
    dependencies:
      "es6-promise" "^3.1.2"
      "graceful-fs" "^4.1.3"
      "mkdirp" "^0.5.1"
      "rimraf" "^2.5.2"
  
  "sax@^1.2.4":
    "integrity" "sha512-NqVDv9TpANUjFm0N8uM5GxL36UgKi9/atZw+x7YFnQ8ckwFGKrl4xX4yWtrey3UJm5nP1kUbnYgLopqWNSRhWw=="
    "resolved" "https://registry.npmjs.org/sax/-/sax-1.2.4.tgz"
    "version" "1.2.4"
  
  "semver@^5.3.0":
    "integrity" "sha512-sauaDf/PZdVgrLTNYHRtpXa1iRiKcaebiKQ1BJdpQlWH2lCvexQdX55snPFyK7QzpudqbCI0qXFfOasHdyNDGQ=="
    "resolved" "https://registry.npmjs.org/semver/-/semver-5.7.1.tgz"
    "version" "5.7.1"
  
  "semver@^6.0.0":
    "integrity" "sha512-b39TBaTSfV6yBrapU89p5fKekE2m/NwnDocOVruQFS1/veMgdzuPcnOM34M6CwxW8jH/lxEa5rBoDeUwu5HHTw=="
    "resolved" "https://registry.npmjs.org/semver/-/semver-6.3.0.tgz"
    "version" "6.3.0"
  
  "semver@^7.3.5":
    "integrity" "sha512-QlYTucUYOews+WeEujDoEGziz4K6c47V/Bd+LjSSYcA94p+DmINdf7ncaUinThfvZyu13lN9OY1XDxt8C0Tw0g=="
    "resolved" "https://registry.npmjs.org/semver/-/semver-7.3.7.tgz"
    "version" "7.3.7"
    dependencies:
      "lru-cache" "^6.0.0"
  
  "set-blocking@^2.0.0", "set-blocking@~2.0.0":
    "integrity" "sha1-BF+XgtARrppoA93TgrJDkrPYkPc="
    "resolved" "https://registry.npmjs.org/set-blocking/-/set-blocking-2.0.0.tgz"
    "version" "2.0.0"
  
  "set-cookie-parser@^2.4.8":
    "integrity" "sha512-cHMAtSXilfyBePduZEBVPTCftTQWz6ehWJD5YNUg4mqvRosrrjKbo4WS8JkB0/RxonMoohHm7cOGH60mDkRQ9w=="
    "resolved" "https://registry.npmjs.org/set-cookie-parser/-/set-cookie-parser-2.5.0.tgz"
    "version" "2.5.0"
  
  "signal-exit@^3.0.0":
    "integrity" "sha512-wnD2ZE+l+SPC/uoS0vXeE9L1+0wuaMqKlfz9AMUo38JsyLSBWSFcHR1Rri62LZc12vLr1gb3jl7iwQhgwpAbGQ=="
    "resolved" "https://registry.npmjs.org/signal-exit/-/signal-exit-3.0.7.tgz"
    "version" "3.0.7"
  
  "simple-swizzle@^0.2.2":
    "integrity" "sha512-JA//kQgZtbuY83m+xT+tXJkmJncGMTFT+C+g2h2R9uxkYIrE2yy9sgmcLhCnw57/WSD+Eh3J97FPEDFnbXnDUg=="
    "resolved" "https://registry.npmjs.org/simple-swizzle/-/simple-swizzle-0.2.2.tgz"
    "version" "0.2.2"
    dependencies:
      "is-arrayish" "^0.3.1"
  
  "sorcery@^0.10.0":
    "integrity" "sha512-R5ocFmKZQFfSTstfOtHjJuAwbpGyf9qjQa1egyhvXSbM7emjrtLXtGdZsDJDABC85YBfVvrOiGWKSYXPKdvP1g=="
    "resolved" "https://registry.npmjs.org/sorcery/-/sorcery-0.10.0.tgz"
    "version" "0.10.0"
    dependencies:
      "buffer-crc32" "^0.2.5"
      "minimist" "^1.2.0"
      "sander" "^0.5.0"
      "sourcemap-codec" "^1.3.0"
  
  "source-map-js@^1.0.2":
    "integrity" "sha512-R0XvVJ9WusLiqTCEiGCmICCMplcCkIwwR11mOSD9CR5u+IXYdiseeEuXCVAjS54zqwkLcPNnmU4OeJ6tUrWhDw=="
    "resolved" "https://registry.npmjs.org/source-map-js/-/source-map-js-1.0.2.tgz"
    "version" "1.0.2"
  
  "sourcemap-codec@^1.3.0", "sourcemap-codec@^1.4.8":
    "integrity" "sha512-9NykojV5Uih4lgo5So5dtw+f0JgJX30KCNI8gwhz2J9A15wD0Ml6tjHKwf6fTSa6fAdVBdZeNOs9eJ71qCk8vA=="
    "resolved" "https://registry.npmjs.org/sourcemap-codec/-/sourcemap-codec-1.4.8.tgz"
    "version" "1.4.8"
  
  "string_decoder@^1.1.1":
    "integrity" "sha512-hkRX8U1WjJFd8LsDJ2yQ/wWWxaopEsABU1XfkM8A+j0+85JAGppt16cr1Whg6KIbb4okU6Mql6BOj+uup/wKeA=="
    "resolved" "https://registry.npmjs.org/string_decoder/-/string_decoder-1.3.0.tgz"
    "version" "1.3.0"
    dependencies:
      "safe-buffer" "~5.2.0"
  
  "string_decoder@~1.1.1":
    "integrity" "sha512-n/ShnvDi6FHbbVfviro+WojiFzv+s8MPMHBczVePfUpDJLwoLT0ht1l4YwBCbi8pJAveEEdnkHyPyTP/mzRfwg=="
    "resolved" "https://registry.npmjs.org/string_decoder/-/string_decoder-1.1.1.tgz"
    "version" "1.1.1"
    dependencies:
      "safe-buffer" "~5.1.0"
  
  "string-width@^1.0.1":
    "integrity" "sha1-EYvfW4zcUaKn5w0hHgfisLmxB9M="
    "resolved" "https://registry.npmjs.org/string-width/-/string-width-1.0.2.tgz"
    "version" "1.0.2"
    dependencies:
      "code-point-at" "^1.0.0"
      "is-fullwidth-code-point" "^1.0.0"
      "strip-ansi" "^3.0.0"
  
  "string-width@^1.0.2 || 2 || 3 || 4", "string-width@^4.2.3":
    "integrity" "sha512-wKyQRQpjJ0sIp62ErSZdGsjMJWsap5oRNihHhu6G7JVO/9jIB6UyevL+tXuOqrng8j/cxKTWyWUwvSTriiZz/g=="
    "resolved" "https://registry.npmjs.org/string-width/-/string-width-4.2.3.tgz"
    "version" "4.2.3"
    dependencies:
      "emoji-regex" "^8.0.0"
      "is-fullwidth-code-point" "^3.0.0"
      "strip-ansi" "^6.0.1"
  
  "strip-ansi@^3.0.0", "strip-ansi@^3.0.1":
    "integrity" "sha1-ajhfuIU9lS1f8F0Oiq+UJ43GPc8="
    "resolved" "https://registry.npmjs.org/strip-ansi/-/strip-ansi-3.0.1.tgz"
    "version" "3.0.1"
    dependencies:
      "ansi-regex" "^2.0.0"
  
  "strip-ansi@^6.0.1":
    "integrity" "sha512-Y38VPSHcqkFrCpFnQ9vuSXmquuv5oXOKpGeT6aGrr3o3Gc9AlVa6JBfUSOCnbxGGZF+/0ooI7KrPuUSztUdU5A=="
    "resolved" "https://registry.npmjs.org/strip-ansi/-/strip-ansi-6.0.1.tgz"
    "version" "6.0.1"
    dependencies:
      "ansi-regex" "^5.0.1"
  
  "strip-indent@^3.0.0":
    "integrity" "sha512-laJTa3Jb+VQpaC6DseHhF7dXVqHTfJPCRDaEbid/drOhgitgYku/letMUqOXFoWV0zIIUbjpdH2t+tYj4bQMRQ=="
    "resolved" "https://registry.npmjs.org/strip-indent/-/strip-indent-3.0.0.tgz"
    "version" "3.0.0"
    dependencies:
      "min-indent" "^1.0.0"
  
  "strip-json-comments@~2.0.1":
    "integrity" "sha1-PFMZQukIwml8DsNEhYwobHygpgo="
    "resolved" "https://registry.npmjs.org/strip-json-comments/-/strip-json-comments-2.0.1.tgz"
    "version" "2.0.1"
  
  "supports-preserve-symlinks-flag@^1.0.0":
    "integrity" "sha512-ot0WnXS9fgdkgIcePe6RHNk1WA8+muPa6cSjeR3V8K27q9BB1rTE3R1p7Hv0z1ZyAc8s6Vvv8DIyWf681MAt0w=="
    "resolved" "https://registry.npmjs.org/supports-preserve-symlinks-flag/-/supports-preserve-symlinks-flag-1.0.0.tgz"
    "version" "1.0.0"
  
  "svelte-hmr@^0.14.12":
    "integrity" "sha512-4QSW/VvXuqVcFZ+RhxiR8/newmwOCTlbYIezvkeN6302YFRE8cXy0naamHcjz8Y9Ce3ITTZtrHrIL0AGfyo61w=="
    "resolved" "https://registry.npmjs.org/svelte-hmr/-/svelte-hmr-0.14.12.tgz"
    "version" "0.14.12"
  
  "svelte-preprocess@^4.10.7":
    "integrity" "sha512-sNPBnqYD6FnmdBrUmBCaqS00RyCsCpj2BG58A1JBswNF7b0OKviwxqVrOL/CKyJrLSClrSeqQv5BXNg2RUbPOw=="
    "resolved" "https://registry.npmjs.org/svelte-preprocess/-/svelte-preprocess-4.10.7.tgz"
    "version" "4.10.7"
    dependencies:
      "@types/pug" "^2.0.4"
      "@types/sass" "^1.16.0"
      "detect-indent" "^6.0.0"
      "magic-string" "^0.25.7"
      "sorcery" "^0.10.0"
      "strip-indent" "^3.0.0"
  
  "svelte@^3.23.0", "svelte@^3.44.0", "svelte@>=3.19.0":
    "integrity" "sha512-fN2YRm/bGumvjUpu6yI3BpvZnpIm9I6A7HR4oUNYd7ggYyIwSA/BX7DJ+UXXffLp6XNcUijyLvttbPVCYa/3xQ=="
    "resolved" "https://registry.npmjs.org/svelte/-/svelte-3.48.0.tgz"
    "version" "3.48.0"
  
  "tailwindcss@^3.0", "tailwindcss@^3.1.3":
    "integrity" "sha512-PRJNYdSIthrb8hjmAyymEyEN8Yo61TMXpzyFUpxULeeyRn3Y3gpvuw6FlRTKrJvK7thSGKRnhT36VovVx4WeMA=="
    "resolved" "https://registry.npmjs.org/tailwindcss/-/tailwindcss-3.1.3.tgz"
    "version" "3.1.3"
    dependencies:
      "arg" "^5.0.2"
      "chokidar" "^3.5.3"
      "color-name" "^1.1.4"
      "detective" "^5.2.1"
      "didyoumean" "^1.2.2"
      "dlv" "^1.1.3"
      "fast-glob" "^3.2.11"
      "glob-parent" "^6.0.2"
      "is-glob" "^4.0.3"
      "lilconfig" "^2.0.5"
      "normalize-path" "^3.0.0"
      "object-hash" "^3.0.0"
      "picocolors" "^1.0.0"
      "postcss" "^8.4.14"
      "postcss-import" "^14.1.0"
      "postcss-js" "^4.0.0"
      "postcss-load-config" "^3.1.4"
      "postcss-nested" "5.0.6"
      "postcss-selector-parser" "^6.0.10"
      "postcss-value-parser" "^4.2.0"
      "quick-lru" "^5.1.1"
      "resolve" "^1.22.0"
  
  "tar@^4":
    "integrity" "sha512-a20gEsvHnWe0ygBY8JbxoM4w3SJdhc7ZAuxkLqh+nvNQN2IOt0B5lLgM490X5Hl8FF0dl0tOf2ewFYAlIFgzVA=="
    "resolved" "https://registry.npmjs.org/tar/-/tar-4.4.19.tgz"
    "version" "4.4.19"
    dependencies:
      "chownr" "^1.1.4"
      "fs-minipass" "^1.2.7"
      "minipass" "^2.9.0"
      "minizlib" "^1.3.3"
      "mkdirp" "^0.5.5"
      "safe-buffer" "^5.2.1"
      "yallist" "^3.1.1"
  
  "tar@^6.1.11":
    "integrity" "sha512-an/KZQzQUkZCkuoAA64hM92X0Urb6VpRhAFllDzz44U2mcD5scmT3zBc4VgVpkugF580+DQn8eAFSyoQt0tznA=="
    "resolved" "https://registry.npmjs.org/tar/-/tar-6.1.11.tgz"
    "version" "6.1.11"
    dependencies:
      "chownr" "^2.0.0"
      "fs-minipass" "^2.0.0"
      "minipass" "^3.0.0"
      "minizlib" "^2.1.1"
      "mkdirp" "^1.0.3"
      "yallist" "^4.0.0"
  
  "tiny-glob@^0.2.9":
    "integrity" "sha512-g/55ssRPUjShh+xkfx9UPDXqhckHEsHr4Vd9zX55oSdGZc/MD0m3sferOkwWtp98bv+kcVfEHtRJgBVJzelrzg=="
    "resolved" "https://registry.npmjs.org/tiny-glob/-/tiny-glob-0.2.9.tgz"
    "version" "0.2.9"
    dependencies:
      "globalyzer" "0.1.0"
      "globrex" "^0.1.2"
  
  "to-regex-range@^5.0.1":
    "integrity" "sha512-65P7iz6X5yEr1cwcgvQxbbIw7Uk3gOy5dIdtZ4rDveLqhrdJP+Li/Hx6tyK0NEb+2GCyneCMJiGqrADCSNk8sQ=="
    "resolved" "https://registry.npmjs.org/to-regex-range/-/to-regex-range-5.0.1.tgz"
    "version" "5.0.1"
    dependencies:
      "is-number" "^7.0.0"
  
  "tr46@~0.0.3":
    "integrity" "sha512-N3WMsuqV66lT30CrXNbEjx4GEwlow3v6rr4mCcv6prnfwhS01rkgyFdjPNBYd9br7LpXV1+Emh01fHnq2Gdgrw=="
    "resolved" "https://registry.npmjs.org/tr46/-/tr46-0.0.3.tgz"
    "version" "0.0.3"
  
  "uniqid@^5.4.0":
    "integrity" "sha512-38JRbJ4Fj94VmnC7G/J/5n5SC7Ab46OM5iNtSstB/ko3l1b5g7ALt4qzHFgGciFkyiRNtDXtLNb+VsxtMSE77A=="
    "resolved" "https://registry.npmjs.org/uniqid/-/uniqid-5.4.0.tgz"
    "version" "5.4.0"
  
  "util-deprecate@^1.0.1", "util-deprecate@^1.0.2", "util-deprecate@~1.0.1":
    "integrity" "sha1-RQ1Nyfpw3nMnYvvS1KKJgUGaDM8="
    "resolved" "https://registry.npmjs.org/util-deprecate/-/util-deprecate-1.0.2.tgz"
    "version" "1.0.2"
  
  "uuid@^8.3.2":
    "integrity" "sha512-+NYs2QeMWy+GWFOEm9xnn6HCDp0l7QBD7ml8zLUmJ+93Q5NF0NocErnwkTkXVFNiX3/fpC6afS8Dhb/gz7R7eg=="
    "resolved" "https://registry.npmjs.org/uuid/-/uuid-8.3.2.tgz"
    "version" "8.3.2"
  
  "vite@^2.9.0", "vite@^2.9.9":
    "integrity" "sha512-ffaam+NgHfbEmfw/Vuh6BHKKlI/XIAhxE5QSS7gFLIngxg171mg1P3a4LSRME0z2ZU1ScxoKzphkipcYwSD5Ew=="
    "resolved" "https://registry.npmjs.org/vite/-/vite-2.9.9.tgz"
    "version" "2.9.9"
    dependencies:
      "esbuild" "^0.14.27"
      "postcss" "^8.4.13"
      "resolve" "^1.22.0"
      "rollup" "^2.59.0"
    optionalDependencies:
      "fsevents" "~2.3.2"
  
  "web-streams-polyfill@^3.0.3":
    "integrity" "sha512-e0MO3wdXWKrLbL0DgGnUV7WHVuw9OUvL4hjgnPkIeEvESk74gAITi5G606JtZPp39cd8HA9VQzCIvA49LpPN5Q=="
    "resolved" "https://registry.npmjs.org/web-streams-polyfill/-/web-streams-polyfill-3.2.1.tgz"
    "version" "3.2.1"
  
  "webidl-conversions@^3.0.0":
    "integrity" "sha512-2JAn3z8AR6rjK8Sm8orRC0h/bcl/DqL7tRPdGZ4I1CjdF+EaMLmYxBHyXuKL849eucPFhvBoxMsflfOb8kxaeQ=="
    "resolved" "https://registry.npmjs.org/webidl-conversions/-/webidl-conversions-3.0.1.tgz"
    "version" "3.0.1"
  
  "whatwg-url@^5.0.0":
    "integrity" "sha512-saE57nupxk6v3HY35+jzBwYa0rKSy0XR8JSxZPwgLr7ys0IBzhGviA1/TUGJLmSVqs8pb9AnvICXEuOHLprYTw=="
    "resolved" "https://registry.npmjs.org/whatwg-url/-/whatwg-url-5.0.0.tgz"
    "version" "5.0.0"
    dependencies:
      "tr46" "~0.0.3"
      "webidl-conversions" "^3.0.0"
  
  "wide-align@^1.1.0", "wide-align@^1.1.2":
    "integrity" "sha512-eDMORYaPNZ4sQIuuYPDHdQvf4gyCF9rEEV/yPxGfwPkRodwEgiMUUXTx/dex+Me0wxx53S+NgUHaP7y3MGlDmg=="
    "resolved" "https://registry.npmjs.org/wide-align/-/wide-align-1.1.5.tgz"
    "version" "1.1.5"
    dependencies:
      "string-width" "^1.0.2 || 2 || 3 || 4"
  
  "worktop@0.8.0-next.14":
    "integrity" "sha512-RZgqHu1w/JcUdWOE/BUEAzarrUUHh39eWkLdX8XpA6MfgLJF6X5Vl26CV7/wcm4O/UpZvHMGJUtB9eYTqDjc9g=="
    "resolved" "https://registry.npmjs.org/worktop/-/worktop-0.8.0-next.14.tgz"
    "version" "0.8.0-next.14"
    dependencies:
      "mrmime" "^1.0.0"
      "regexparam" "^2.0.0"
  
  "wrappy@1":
    "integrity" "sha1-tSQ9jz7BqjXxNkYFvA0QNuMKtp8="
    "resolved" "https://registry.npmjs.org/wrappy/-/wrappy-1.0.2.tgz"
    "version" "1.0.2"
  
  "xtend@^4.0.2":
    "integrity" "sha512-LKYU1iAXJXUgAXn9URjiu+MWhyUXHsvfp7mcuYm9dSUKK0/CjtrUwFAxD82/mCWbtLsGjFIad0wIsod4zrTAEQ=="
    "resolved" "https://registry.npmjs.org/xtend/-/xtend-4.0.2.tgz"
    "version" "4.0.2"
  
  "yallist@^3.0.0", "yallist@^3.1.1":
    "integrity" "sha512-a4UGQaWPH59mOXUYnAG2ewncQS4i4F43Tv3JoAM+s2VDAmS9NsK8GpDMLrCHPksFT7h3K6TOoUNn2pb7RoXx4g=="
    "resolved" "https://registry.npmjs.org/yallist/-/yallist-3.1.1.tgz"
    "version" "3.1.1"
  
  "yallist@^4.0.0":
    "integrity" "sha512-3wdGidZyq5PB084XLES5TpOSRA3wjXAlIWMhum2kRcv/41Sn2emQ0dycQW4uZXLejwKvg6EsvbdlVL+FYEct7A=="
    "resolved" "https://registry.npmjs.org/yallist/-/yallist-4.0.0.tgz"
    "version" "4.0.0"
  
  "yaml@^1.10.2":
    "integrity" "sha512-r3vXyErRCYJ7wg28yvBY5VSoAF8ZvlcW9/BwUzEtUsjvX/DKs24dIkuwjtuprwJJHsbyUbLApepYTR1BN4uHrg=="
    "resolved" "https://registry.npmjs.org/yaml/-/yaml-1.10.2.tgz"
    "version" "1.10.2"
